Charm++> Running on MPI version: 3.1
Charm++> level of thread support used: MPI_THREAD_SINGLE (desired: MPI_THREAD_SINGLE)
Charm++> Running in non-SMP mode: numPes 1
Charm++> Using recursive bisection (scheme 3) for topology aware partitions
Converse/Charm++ Commit ID: v6.7.1-0-gbdf6a1b-namd-charm-6.7.1-build-2016-Nov-07-136676
Warning> Randomization of stack pointer is turned on in kernel, thread migration may not work! Run 'echo 0 > /proc/sys/kernel/randomize_va_space' as root to disable it, or try run with '+isomalloc_sync'.  
CharmLB> Load balancer assumes all CPUs are same.
Charm++> Running on 1 unique compute nodes (24-way SMP).
Charm++> cpu topology info is gathered in 0.001 seconds.
Info: NAMD 2.12 for Linux-x86_64-MPI
Info: 
Info: Please visit http://www.ks.uiuc.edu/Research/namd/
Info: for updates, documentation, and support information.
Info: 
Info: Please cite Phillips et al., J. Comp. Chem. 26:1781-1802 (2005)
Info: in all publications reporting results obtained with NAMD.
Info: 
Info: Based on Charm++/Converse 60701 for mpi-linux-x86_64
Info: Built Tue Nov 7 18:33:07 IST 2017 by root on abacus.iiit.ac.in
Info: 1 NAMD  2.12  Linux-x86_64-MPI  1    node03.local  sc4101.20
Info: Running on 1 processors, 1 nodes, 1 physical nodes.
Info: CPU topology information available.
Info: Charm++/Converse parallel runtime startup completed at 0.0042674 s
Info: 344.617 MB of memory in use based on /proc/self/stat
Info: Configuration file is ige_wb_eq.conf
Info: Working in the current directory /home/iiit/sc4101.20/namd-tutorial-files/1-3-box
TCL: Suspending until startup complete.
Info: SIMULATION PARAMETERS:
Info: TIMESTEP               2
Info: NUMBER OF STEPS        0
Info: STEPS PER CYCLE        10
Info: PERIODIC CELL BASIS 1  42 0 0
Info: PERIODIC CELL BASIS 2  0 44 0
Info: PERIODIC CELL BASIS 3  0 0 47
Info: PERIODIC CELL CENTER   -7.87411 43.0813 13.4288
Info: WRAPPING ALL CLUSTERS AROUND PERIODIC BOUNDARIES ON OUTPUT.
Info: LOAD BALANCER  Centralized
Info: LOAD BALANCING STRATEGY  New Load Balancers -- DEFAULT
Info: LDB PERIOD             2000 steps
Info: FIRST LDB TIMESTEP     50
Info: LAST LDB TIMESTEP     -1
Info: LDB BACKGROUND SCALING 1
Info: HOM BACKGROUND SCALING 1
Info: PME BACKGROUND SCALING 1
Info: MIN ATOMS PER PATCH    40
Info: INITIAL TEMPERATURE    310
Info: CENTER OF MASS MOVING INITIALLY? NO
Info: DIELECTRIC             1
Info: EXCLUDE                SCALED ONE-FOUR
Info: 1-4 ELECTROSTATICS SCALED BY 1
Info: MODIFIED 1-4 VDW PARAMETERS WILL BE USED
Info: DCD FILENAME           ige_wb_eq.dcd
Info: DCD FREQUENCY          250
Info: DCD FIRST STEP         250
Info: DCD FILE WILL CONTAIN UNIT CELL DATA
Info: XST FILENAME           ige_wb_eq.xst
Info: XST FREQUENCY          250
Info: NO VELOCITY DCD OUTPUT
Info: NO FORCE DCD OUTPUT
Info: OUTPUT FILENAME        ige_wb_eq
Info: BINARY OUTPUT FILES WILL BE USED
Info: RESTART FILENAME       ige_wb_eq.restart
Info: RESTART FREQUENCY      500
Info: BINARY RESTART FILES WILL BE USED
Info: SWITCHING ACTIVE
Info: SWITCHING ON           10
Info: SWITCHING OFF          12
Info: PAIRLIST DISTANCE      14
Info: PAIRLIST SHRINK RATE   0.01
Info: PAIRLIST GROW RATE     0.01
Info: PAIRLIST TRIGGER       0.3
Info: PAIRLISTS PER CYCLE    2
Info: PAIRLISTS ENABLED
Info: MARGIN                 0.495
Info: HYDROGEN GROUP CUTOFF  2.5
Info: PATCH DIMENSION        16.995
Info: ENERGY OUTPUT STEPS    100
Info: CROSSTERM ENERGY INCLUDED IN DIHEDRAL
Info: TIMING OUTPUT STEPS    1000
Info: PRESSURE OUTPUT STEPS  100
Info: LANGEVIN DYNAMICS ACTIVE
Info: LANGEVIN TEMPERATURE   310
Info: LANGEVIN USING BBK INTEGRATOR
Info: LANGEVIN DAMPING COEFFICIENT IS 1 INVERSE PS
Info: LANGEVIN DYNAMICS NOT APPLIED TO HYDROGENS
Info: LANGEVIN PISTON PRESSURE CONTROL ACTIVE
Info:        TARGET PRESSURE IS 1.01325 BAR
Info:     OSCILLATION PERIOD IS 100 FS
Info:             DECAY TIME IS 50 FS
Info:     PISTON TEMPERATURE IS 310 K
Info:       PRESSURE CONTROL IS GROUP-BASED
Info:    INITIAL STRAIN RATE IS 0 0 0
Info:       CELL FLUCTUATION IS ISOTROPIC
Info: PARTICLE MESH EWALD (PME) ACTIVE
Info: PME TOLERANCE               1e-06
Info: PME EWALD COEFFICIENT       0.257952
Info: PME INTERPOLATION ORDER     4
Info: PME GRID DIMENSIONS         44 44 48
Info: PME MAXIMUM GRID SPACING    1
Info: Attempting to read FFTW data from FFTW_NAMD_2.12_Linux-x86_64-MPI.txt
Info: Optimizing 6 FFT steps.  1... 2... 3... 4... 5... 6...   Done.
Info: Writing FFTW data to FFTW_NAMD_2.12_Linux-x86_64-MPI.txt
Info: FULL ELECTROSTATIC EVALUATION FREQUENCY      2
Info: USING VERLET I (r-RESPA) MTS SCHEME.
Info: C1 SPLITTING OF LONG RANGE ELECTROSTATICS
Info: PLACING ATOMS IN PATCHES BY HYDROGEN GROUPS
Info: RIGID BONDS TO HYDROGEN : ALL
Info:         ERROR TOLERANCE : 1e-08
Info:          MAX ITERATIONS : 100
Info: RIGID WATER USING SETTLE ALGORITHM
Info: RANDOM NUMBER SEED     1699476600
Info: USE HYDROGEN BONDS?    NO
Info: COORDINATE PDB         ../1-1-build/ige_wb.pdb
Info: STRUCTURE FILE         ../1-1-build/ige_wb.psf
Info: PARAMETER file: CHARMM format! 
Info: PARAMETERS             ../1-1-build/par_all27_prot_lipid.inp
Info: USING ARITHMETIC MEAN TO COMBINE L-J SIGMA PARAMETERS
Info: SUMMARY OF PARAMETERS:
Info: 180 BONDS
Info: 447 ANGLES
Info: 566 DIHEDRAL
Info: 46 IMPROPER
Info: 6 CROSSTERM
Info: 119 VDW
Info: 0 VDW_PAIRS
Info: 0 NBTHOLE_PAIRS
Info: TIME FOR READING PSF FILE: 0.0568289
Info: Reading pdb file ../1-1-build/ige_wb.pdb
Info: TIME FOR READING PDB FILE: 0.0141831
Info: 
Info: ****************************
Info: STRUCTURE SUMMARY:
Info: 7139 ATOMS
Info: 5157 BONDS
Info: 4087 ANGLES
Info: 3072 DIHEDRALS
Info: 194 IMPROPERS
Info: 73 CROSSTERMS
Info: 0 EXCLUSIONS
Info: 6554 RIGID BONDS
Info: 14863 DEGREES OF FREEDOM
Info: 2584 HYDROGEN GROUPS
Info: 4 ATOMS IN LARGEST HYDROGEN GROUP
Info: 2584 MIGRATION GROUPS
Info: 4 ATOMS IN LARGEST MIGRATION GROUP
Info: TOTAL MASS = 44289 amu
Info: TOTAL CHARGE = -2 e
Info: MASS DENSITY = 0.846751 g/cm^3
Info: ATOM DENSITY = 0.0821935 atoms/A^3
Info: *****************************
Info: 
Info: Entering startup at 14.3018 s, 448.418 MB of memory in use
Info: Startup phase 0 took 0.000188611 s, 448.418 MB of memory in use
Info: ADDED 12244 IMPLICIT EXCLUSIONS
Info: Startup phase 1 took 0.00341482 s, 449.977 MB of memory in use
Info: NONBONDED TABLE R-SQUARED SPACING: 0.0625
Info: NONBONDED TABLE SIZE: 769 POINTS
Info: INCONSISTENCY IN FAST TABLE ENERGY VS FORCE: 0.000325096 AT 11.9556
Info: INCONSISTENCY IN SCOR TABLE ENERGY VS FORCE: 0.000324844 AT 11.9556
Info: INCONSISTENCY IN VDWA TABLE ENERGY VS FORCE: 0.0040507 AT 0.251946
Info: INCONSISTENCY IN VDWB TABLE ENERGY VS FORCE: 0.00150189 AT 0.251946
Info: Startup phase 2 took 0.00113013 s, 450.77 MB of memory in use
Info: Startup phase 3 took 5.40316e-05 s, 450.77 MB of memory in use
Info: Startup phase 4 took 6.897e-05 s, 450.77 MB of memory in use
Info: Startup phase 5 took 4.79817e-05 s, 450.77 MB of memory in use
Info: PATCH GRID IS 2 (PERIODIC) BY 2 (PERIODIC) BY 2 (PERIODIC)
Info: PATCH GRID IS 1-AWAY BY 1-AWAY BY 1-AWAY
Info: REMOVING COM VELOCITY 0.0419438 0.0453496 0.0573413
Info: LARGEST PATCH (5) HAS 922 ATOMS
Info: TORUS A SIZE 1 USING 0
Info: TORUS B SIZE 1 USING 0
Info: TORUS C SIZE 1 USING 0
Info: TORUS MINIMAL MESH SIZE IS 1 BY 1 BY 1
Info: Placed 100% of base nodes on same physical node as patch
Info: Startup phase 6 took 0.00260635 s, 452.332 MB of memory in use
Info: PME using 1 and 1 processors for FFT and reciprocal sum.
Info: PME GRID LOCATIONS: 0
Info: PME TRANS LOCATIONS: 0
Info: PME USING 1 GRID NODES AND 1 TRANS NODES
Info: Optimizing 4 FFT steps.  1... 2... 3... 4...   Done.
Info: Startup phase 7 took 0.00115643 s, 452.332 MB of memory in use
Info: Startup phase 8 took 5.98952e-05 s, 452.332 MB of memory in use
LDB: Central LB being created...
Info: Startup phase 9 took 7.71731e-05 s, 452.332 MB of memory in use
Info: CREATING 165 COMPUTE OBJECTS
Info: Startup phase 10 took 0.00075274 s, 452.332 MB of memory in use
Info: Startup phase 11 took 6.30766e-05 s, 452.332 MB of memory in use
Info: Startup phase 12 took 9.12324e-05 s, 453.582 MB of memory in use
Info: Finished startup at 14.3115 s, 453.582 MB of memory in use

TCL: Minimizing for 100 steps
PRESSURE: 0 3.04413e+12 -3.25361e+12 -4.06711e+12 -3.25361e+12 6.22158e+12 6.94819e+12 -4.06711e+12 6.94819e+12 9.25987e+12
GPRESSURE: 0 3.57318e+12 -4.63949e+12 -6.11956e+12 -3.97347e+12 9.75231e+12 8.46541e+12 -5.76083e+12 9.97668e+12 1.30095e+13
ETITLE:      TS           BOND          ANGLE          DIHED          IMPRP               ELECT            VDW       BOUNDARY           MISC        KINETIC               TOTAL           TEMP      POTENTIAL         TOTAL3        TEMPAVG            PRESSURE      GPRESSURE         VOLUME       PRESSAVG      GPRESSAVG

ENERGY:       0       151.5763       990.5408       236.8991         0.0681         -20837.5229 9999999999.9999         0.0000         0.0000         0.0000      9999999999.9999         0.0000 9999999999.9999 9999999999.9999         0.0000      9999999999.9999 9999999999.9999     86856.0000 9999999999.9999 9999999999.9999

OPENING EXTENDED SYSTEM TRAJECTORY FILE
MINIMIZER SLOWLY MOVING 758 ATOMS WITH BAD CONTACTS DOWNHILL
PRESSURE: 1 4.16542e+10 -1.75686e+09 -1.00005e+10 -1.75686e+09 6.69154e+10 3.05662e+10 -1.00005e+10 3.05662e+10 4.0911e+10
GPRESSURE: 1 -1.33103e+09 5.00715e+10 -1.34257e+11 1.48366e+11 1.13933e+11 8.4915e+09 4.58206e+10 -7.09369e+10 6.18227e+10
ENERGY:       1       190.2298      1002.2477       236.7160         0.9357         -20234.4782 9999999999.9999         0.0000         0.0000         0.0000      9999999999.9999         0.0000 9999999999.9999 9999999999.9999         0.0000      9999999999.9999 9999999999.9999     86856.0000 9999999999.9999 9999999999.9999

MINIMIZER SLOWLY MOVING 606 ATOMS WITH BAD CONTACTS DOWNHILL
PRESSURE: 2 7.88019e+08 7.86414e+07 3.2144e+08 7.86414e+07 3.46036e+09 1.88199e+09 3.2144e+08 1.88199e+09 3.27022e+09
GPRESSURE: 2 1.16262e+09 -1.14444e+09 -3.60364e+08 5.89385e+09 1.92428e+09 2.08452e+09 5.17043e+09 -5.81898e+09 4.29327e+09
ENERGY:       2       286.6426      1035.2181       236.5639         7.6734         -19081.5094 782974353.3658         0.0000         0.0000         0.0000      782956837.9544         0.0000 782956837.9544 782956837.9544         0.0000      2506199328.2139 2460057931.2625     86856.0000 2506199328.2139 2460057931.2625

MINIMIZER SLOWLY MOVING 436 ATOMS WITH BAD CONTACTS DOWNHILL
PRESSURE: 3 7.70333e+07 -1.30985e+08 7.30169e+06 -1.30985e+08 4.9353e+08 1.00726e+08 7.30169e+06 1.00726e+08 1.60109e+08
GPRESSURE: 3 7.63398e+07 -2.88581e+07 1.2526e+08 -6.45347e+07 4.00395e+07 -4.6526e+08 5.4302e+07 -7.56875e+07 -2.4934e+07
ENERGY:       3       413.3350      1081.2089       236.5142        14.9979         -18428.8699  76077775.7724         0.0000         0.0000         0.0000       76061092.9585         0.0000  76061092.9585  76061092.9585         0.0000      243557576.0590  30481804.3298     86856.0000 243557576.0590  30481804.3298

MINIMIZER SLOWLY MOVING 316 ATOMS WITH BAD CONTACTS DOWNHILL
PRESSURE: 4 4.88798e+07 -1.35262e+08 -5.49722e+06 -1.35262e+08 4.57944e+08 7.28403e+07 -5.49722e+06 7.28403e+07 7.88854e+07
GPRESSURE: 4 2.48867e+07 -4.95294e+06 9.92488e+07 -1.04023e+08 2.49168e+07 -4.9639e+08 -2.20191e+07 2.74459e+06 -1.07246e+08
ENERGY:       4       551.2603      1110.8238       236.6289        19.4650         -18152.2616  60985115.4150         0.0000         0.0000         0.0000       60968881.3313         0.0000  60968881.3313  60968881.3313         0.0000      195236504.1244 -19147484.2295     86856.0000 195236504.1244 -19147484.2295

MINIMIZER SLOWLY MOVING 197 ATOMS WITH BAD CONTACTS DOWNHILL
PRESSURE: 5 4.37011e+07 -1.27884e+08 -4.17246e+06 -1.27884e+08 4.52867e+08 6.8132e+07 -4.17246e+06 6.8132e+07 7.03707e+07
GPRESSURE: 5 1.51272e+07 -3.46799e+06 7.19566e+07 -9.77123e+07 2.46244e+07 -4.95726e+08 -1.96553e+07 4.58321e+06 -9.87745e+07
ENERGY:       5       622.3015      1138.6419       236.8852        33.6314         -18027.0228  59031430.5273         0.0000         0.0000         0.0000       59015434.9645         0.0000  59015434.9645  59015434.9645         0.0000      188979786.2767 -19674278.5469     86856.0000 188979786.2767 -19674278.5469

MINIMIZER SLOWLY MOVING 100 ATOMS WITH BAD CONTACTS DOWNHILL
PRESSURE: 6 3.9613e+07 -1.13152e+08 -1.87791e+06 -1.13152e+08 4.37235e+08 6.0964e+07 -1.87791e+06 6.0964e+07 6.4324e+07
GPRESSURE: 6 5.897e+06 -1.66917e+06 3.03428e+07 -8.4955e+07 2.70933e+07 -4.82019e+08 -1.40369e+07 4.33329e+06 -7.89638e+07
ENERGY:       6       635.4963      1139.5694       236.8659        31.0990         -17876.9575  56348329.2460         0.0000         0.0000         0.0000       56332495.3192         0.0000  56332495.3192  56332495.3192         0.0000      180390709.0093 -15324517.5486     86856.0000 180390709.0093 -15324517.5486

MINIMIZER SLOWLY MOVING 45 ATOMS WITH BAD CONTACTS DOWNHILL
PRESSURE: 7 3.54826e+07 -8.76028e+07 427252 -8.76028e+07 3.9381e+08 4.85109e+07 427252 4.85109e+07 5.66155e+07
GPRESSURE: 7 -3.29333e+06 1.72454e+06 -2.6005e+07 -6.32718e+07 2.93478e+07 -4.37226e+08 -6.91979e+06 3.12366e+06 -4.72475e+07
ENERGY:       7       620.6413      1146.1341       236.7931        33.4900         -17867.8781  50593164.7882         0.0000         0.0000         0.0000       50577333.9686         0.0000  50577333.9686  50577333.9686         0.0000      161969502.6122  -7064340.1777     86856.0000 161969502.6122  -7064340.1777

MINIMIZER SLOWLY MOVING 17 ATOMS WITH BAD CONTACTS DOWNHILL
PRESSURE: 8 3.21441e+07 -5.10525e+07 866932 -5.10525e+07 3.01351e+08 2.93841e+07 866932 2.93841e+07 4.60756e+07
GPRESSURE: 8 -7.49771e+06 6.67188e+06 -8.10503e+07 -3.29065e+07 2.80259e+07 -3.35382e+08 -556531 431393 -5.08925e+06
ENERGY:       8       621.2454      1150.9522       236.7438        33.4900         -17923.4544  39519162.4415         0.0000         0.0000         0.0000       39503281.4186         0.0000  39503281.4186  39503281.4186         0.0000      126523563.0265   5146300.0568     86856.0000 126523563.0265   5146300.0568

MINIMIZER SLOWLY MOVING 7 ATOMS WITH BAD CONTACTS DOWNHILL
PRESSURE: 9 2.74342e+07 -1.60016e+07 -2.09984e+06 -1.60016e+07 1.62928e+08 8.9287e+06 -2.09984e+06 8.9287e+06 3.28936e+07
GPRESSURE: 9 -2.52616e+06 9.81034e+06 -9.31589e+07 -5.74377e+06 1.93413e+07 -1.79532e+08 885339 -2.96925e+06 2.8458e+07
ENERGY:       9       621.2454      1150.9522       236.7438        33.4900         -17895.0653  23240833.4099         0.0000         0.0000         0.0000       23224980.7761         0.0000  23224980.7761  23224980.7761         0.0000       74418525.6749  15091065.8254     86856.0000  74418525.6749  15091065.8254

LDB: ============= START OF LOAD BALANCING ============== 15.1564
LDB: ============== END OF LOAD BALANCING =============== 15.1564
LDB: =============== DONE WITH MIGRATION ================ 15.1565
MINIMIZER SLOWLY MOVING 4 ATOMS WITH BAD CONTACTS DOWNHILL
PRESSURE: 10 1.57275e+07 -658629 -4.31508e+06 -658629 4.72176e+07 -1.01569e+06 -4.31508e+06 -1.01569e+06 1.83892e+07
GPRESSURE: 10 3.10781e+06 6.61548e+06 -4.8632e+07 2.77097e+06 7.35284e+06 -5.08192e+07 -1.48561e+06 -3.69546e+06 2.74746e+07
ETITLE:      TS           BOND          ANGLE          DIHED          IMPRP               ELECT            VDW       BOUNDARY           MISC        KINETIC               TOTAL           TEMP      POTENTIAL         TOTAL3        TEMPAVG            PRESSURE      GPRESSURE         VOLUME       PRESSAVG      GPRESSAVG

ENERGY:      10       621.2454      1150.9522       236.7438        33.4900         -17852.9639   8461356.5418         0.0000         0.0000         0.0000        8445546.0093         0.0000   8445546.0093   8445546.0093         0.0000       27111415.5041  12645086.7942     86856.0000  27111415.5041  12645086.7942

MINIMIZER SLOWLY MOVING 4 ATOMS WITH BAD CONTACTS DOWNHILL
PRESSURE: 11 4.34241e+06 513928 -2.21641e+06 513928 6.27887e+06 -1.11625e+06 -2.21641e+06 -1.11625e+06 6.50366e+06
GPRESSURE: 11 2.03195e+06 1.79833e+06 -1.04867e+07 998633 1.58412e+06 -6.66434e+06 -1.39507e+06 -1.59583e+06 9.64652e+06
ENERGY:      11       621.2454      1150.9522       236.7438        33.4900         -17797.4766   1775064.5301         0.0000         0.0000         0.0000        1759309.4850         0.0000   1759309.4850   1759309.4850         0.0000        5708314.1001   4420865.0040     86856.0000   5708314.1001   4420865.0040

MINIMIZER SLOWLY MOVING 4 ATOMS WITH BAD CONTACTS DOWNHILL
PRESSURE: 12 916573 113978 -471069 113978 840280 -261628 -471069 -261628 1.60393e+06
GPRESSURE: 12 725577 239415 -1.18866e+06 137908 567727 -628084 -368281 -331878 2.00989e+06
ENERGY:      12       621.2454      1150.9522       236.7438        33.4900         -17748.1127    342051.6912         0.0000         0.0000         0.0000         326346.0099         0.0000    326346.0099    326346.0099         0.0000        1120259.8914   1101065.0715     86856.0000   1120259.8914   1101065.0715

MINIMIZER SLOWLY MOVING 4 ATOMS WITH BAD CONTACTS DOWNHILL
PRESSURE: 13 491375 19059.4 -82053.1 19059.4 460815 -58008.5 -82053.1 -58008.5 618115
GPRESSURE: 13 490208 31424.5 -133357 17684 461041 -87232.4 -72779 -68280.4 670097
ENERGY:      13       621.2454      1150.9522       236.7438        33.4900         -17717.9681    155750.5715         0.0000         0.0000         0.0000         140075.0348         0.0000    140075.0348    140075.0348         0.0000         523434.7415    540448.7573     86856.0000    523434.7415    540448.7573

MINIMIZER SLOWLY MOVING 4 ATOMS WITH BAD CONTACTS DOWNHILL
PRESSURE: 14 449074 5410.7 -23113.9 5410.7 433743 -25051.9 -23113.9 -25051.9 461255
GPRESSURE: 14 461338 9355.84 -27094 3248.62 449410 -31967 -22438.1 -28484.6 481092
ENERGY:      14       621.2454      1150.9522       236.7438        33.4900         -17701.2458    132245.4160         0.0000         0.0000         0.0000         116586.6017         0.0000    116586.6017    116586.6017         0.0000         448023.8737    463946.4541     86856.0000    448023.8737    463946.4541

MINIMIZER SLOWLY MOVING 4 ATOMS WITH BAD CONTACTS DOWNHILL
PRESSURE: 15 443615 3589.35 -13567.9 3589.35 430957 -19327.5 -13567.9 -19327.5 433495
GPRESSURE: 15 457292 6597.93 -12324.3 1497.57 448065 -23818 -14058 -21767.3 448943
ENERGY:      15       621.2454      1150.9522       236.7438        33.4900         -17692.5750    128516.1850         0.0000         0.0000         0.0000         112866.0415         0.0000    112866.0415    112866.0415         0.0000         436022.1541    451433.2591     86856.0000    436022.1541    451433.2591

MINIMIZER SLOWLY MOVING 2 ATOMS WITH BAD CONTACTS DOWNHILL
PRESSURE: 16 442402 3493.18 -11699.1 3493.18 430469 -18137.3 -11699.1 -18137.3 427647
GPRESSURE: 16 456232 6371.66 -9659.62 1449.36 447765 -22235.9 -12396.6 -20377.9 442319
ENERGY:      16       621.2454      1150.9522       236.7438        33.4900         -17689.3644    127738.7844         0.0000         0.0000         0.0000         112091.8515         0.0000    112091.8515    112091.8515         0.0000         433505.8867    448771.8422     86856.0000    433505.8867    448771.8422

MINIMIZER STARTING CONJUGATE GRADIENT ALGORITHM
LINE MINIMIZER REDUCING GRADIENT FROM 1.44578e+09 TO 1.44578e+06
PRESSURE: 17 346283 1257.79 -6792.1 1257.79 331722 -12966.7 -6792.1 -12966.7 329303
GPRESSURE: 17 346345 2740.73 -4593.07 -448.864 334457 -13249.1 -6626.06 -13895.6 331045
ENERGY:      17       563.2313      1129.4197       236.5691        33.6176         -17592.0923     97624.5292         0.0000         0.0000         0.0000          81995.2745         0.0000     81995.2745     81995.2745         0.0000         335769.3357    337282.5051     86856.0000    335769.3357    337282.5051

PRESSURE: 18 286882 -137.081 -4956.91 -137.081 271609 -10790.1 -4956.91 -10790.1 270605
GPRESSURE: 18 284731 387.393 -2466.83 -1380.39 270118 -9295.02 -4504.89 -11278.3 269185
ENERGY:      18       517.3974      1113.4494       236.4874        34.2213         -17519.2197     79374.2635         0.0000         0.0000         0.0000          63756.5992         0.0000     63756.5992     63756.5992         0.0000         276365.0085    274678.1049     86856.0000    276365.0085    274678.1049

PRESSURE: 19 250448 -951.727 -4439.06 -951.727 235376 -10388.6 -4439.06 -10388.6 235645
GPRESSURE: 19 247620 -1243.8 -1671.56 -1854.09 232166 -8030.28 -3913.27 -11067.1 232897
ENERGY:      19       483.6831      1102.9303       236.4933        35.3416         -17470.8185     68390.2980         0.0000         0.0000         0.0000          52777.9278         0.0000     52777.9278     52777.9278         0.0000         240489.7035    237560.7243     86856.0000    240489.7035    237560.7243

MINIMIZER RESTARTING CONJUGATE GRADIENT ALGORITHM DUE TO POOR PROGRESS
LINE MINIMIZER REDUCING GRADIENT FROM 1.95203e+08 TO 195203
PRESSURE: 20 225173 -22.5947 -2561.65 -22.5947 215871 -7836.45 -2561.65 -7836.45 216319
GPRESSURE: 20 220020 156.93 -157.817 -916.977 211503 -5864.75 -2556.55 -7886.17 212180
ETITLE:      TS           BOND          ANGLE          DIHED          IMPRP               ELECT            VDW       BOUNDARY           MISC        KINETIC               TOTAL           TEMP      POTENTIAL         TOTAL3        TEMPAVG            PRESSURE      GPRESSURE         VOLUME       PRESSAVG      GPRESSAVG

ENERGY:      20       427.1140      1087.0887       236.4364        36.8101         -17478.0199     61819.1892         0.0000         0.0000         0.0000          46128.6185         0.0000     46128.6185     46128.6185         0.0000         219120.7957    214567.6300     86856.0000    219120.7957    214567.6300

PRESSURE: 21 208627 -201.26 -1952.8 -201.26 202555 -5518.09 -1952.8 -5518.09 203921
GPRESSURE: 21 202564 113.039 126.515 -1416.51 197571 -3787.74 -2317.78 -5326.25 198953
ENERGY:      21       376.8246      1072.8511       236.4027        38.3896         -17487.5994     57501.7748         0.0000         0.0000         0.0000          41738.6434         0.0000     41738.6434     41738.6434         0.0000         205034.3497    199695.8386     86856.0000    205034.3497    199695.8386

PRESSURE: 22 197455 -944.602 -1867.88 -944.602 194057 -2834.89 -1867.88 -2834.89 196527
GPRESSURE: 22 191035 -598.898 -44.6818 -2788.61 188805 -1222.64 -2652.66 -2522.51 191139
ENERGY:      22       332.5184      1060.2050       236.3923        40.0742         -17497.7037     54749.7403         0.0000         0.0000         0.0000          38921.2266         0.0000     38921.2266     38921.2266         0.0000         196013.0875    190326.4604     86856.0000    196013.0875    190326.4604

MINIMIZER RESTARTING CONJUGATE GRADIENT ALGORITHM DUE TO POOR PROGRESS
LINE MINIMIZER REDUCING GRADIENT FROM 1.19409e+08 TO 119409
PRESSURE: 23 191463 -179.984 -1460.57 -179.984 187115 -4800.48 -1460.57 -4800.48 188476
GPRESSURE: 23 184678 20.4428 372.189 -1441.45 181490 -3428.28 -1774.7 -4552.96 182670
ENERGY:      23       320.1361      1052.1855       236.4016        39.4475         -17512.3494     52603.4204         0.0000         0.0000         0.0000          36739.2417         0.0000     36739.2417     36739.2417         0.0000         189018.2826    182946.1518     86856.0000    189018.2826    182946.1518

PRESSURE: 24 186271 195.665 -1468.95 195.665 181926 -5364.66 -1468.95 -5364.66 182778
GPRESSURE: 24 179347 383.226 398.996 -655.169 176156 -4099.76 -1545.96 -5155.32 176627
ENERGY:      24       308.4164      1044.3817       236.4157        38.8255         -17526.3121     50963.6148         0.0000         0.0000         0.0000          35065.3420         0.0000     35065.3420     35065.3420         0.0000         183658.3869    177376.7541     86856.0000    183658.3869    177376.7541

MINIMIZER RESTARTING CONJUGATE GRADIENT ALGORITHM DUE TO POOR PROGRESS
LINE MINIMIZER REDUCING GRADIENT FROM 5.82202e+07 TO 58220.2
PRESSURE: 25 164205 623.316 -2057.63 623.316 160939 -4555.59 -2057.63 -4555.59 162274
GPRESSURE: 25 157087 754.097 -338.23 434.751 154631 -3360.13 -1967.7 -4318.88 155155
ENERGY:      25       244.6253      1003.6538       236.5717        37.2771         -17598.1587     44502.5776         0.0000         0.0000         0.0000          28426.5467         0.0000     28426.5467     28426.5467         0.0000         162472.8457    155624.1659     86856.0000    162472.8457    155624.1659

PRESSURE: 26 148517 495.901 -2769.51 495.901 145184 -3837.28 -2769.51 -3837.28 147031
GPRESSURE: 26 141499 407.549 -1433.61 532.438 138470 -2685.44 -2702.21 -3551.95 139362
ENERGY:      26       198.4791       969.1345       236.8706        36.2690         -17657.0220     39774.6599         0.0000         0.0000         0.0000          23558.3910         0.0000     23558.3910     23558.3910         0.0000         146910.3192    139776.9411     86856.0000    146910.3192    139776.9411

MINIMIZER RESTARTING CONJUGATE GRADIENT ALGORITHM DUE TO POOR PROGRESS
LINE MINIMIZER REDUCING GRADIENT FROM 3.07005e+07 TO 30700.5
PRESSURE: 27 140011 1055.9 -1754.74 1055.9 137842 -3516.7 -1754.74 -3516.7 139786
GPRESSURE: 27 132445 1242.51 -205.868 1164.46 130660 -2545.69 -1539.38 -3272.31 131853
ENERGY:      27       172.2962       952.8561       237.0468        38.4679         -17696.7322     37428.0982         0.0000         0.0000         0.0000          21132.0331         0.0000     21132.0331     21132.0331         0.0000         139213.2465    131652.8458     86856.0000    139213.2465    131652.8458

PRESSURE: 28 133518 1113.83 -1449.81 1113.83 131927 -2881.22 -1449.81 -2881.22 134081
GPRESSURE: 28 125669 1322.79 -34.203 1119.21 124455 -1982.14 -1255.06 -2597.82 126093
ENERGY:      28       152.5920       938.9529       237.2660        41.1098         -17735.0663     35593.8253         0.0000         0.0000         0.0000          19228.6797         0.0000     19228.6797     19228.6797         0.0000         133175.4002    125405.6644     86856.0000    133175.4002    125405.6644

MINIMIZER RESTARTING CONJUGATE GRADIENT ALGORITHM DUE TO POOR PROGRESS
LINE MINIMIZER REDUCING GRADIENT FROM 1.92112e+07 TO 19211.2
PRESSURE: 29 127165 1137.6 -1394.64 1137.6 125618 -2867.85 -1394.64 -2867.85 127828
GPRESSURE: 29 119237 1331.97 37.3009 1170.04 117940 -2126.52 -1164.69 -2533.19 119506
ENERGY:      29       142.0765       916.7763       237.5611        38.4723         -17791.9594     33690.5068         0.0000         0.0000         0.0000          17233.4336         0.0000     17233.4336     17233.4336         0.0000         126870.2115    118894.3101     86856.0000    126870.2115    118894.3101

PRESSURE: 30 121709 1024.57 -1611.92 1024.57 120091 -2647.1 -1611.92 -2647.1 122502
GPRESSURE: 30 113735 1124.71 -349.584 1034.48 112249 -1951.64 -1400.67 -2242.6 114033
ETITLE:      TS           BOND          ANGLE          DIHED          IMPRP               ELECT            VDW       BOUNDARY           MISC        KINETIC               TOTAL           TEMP      POTENTIAL         TOTAL3        TEMPAVG            PRESSURE      GPRESSURE         VOLUME       PRESSAVG      GPRESSAVG

ENERGY:      30       132.7132       895.9208       237.9021        35.9259         -17845.3604     32054.0999         0.0000         0.0000         0.0000          15511.2015         0.0000     15511.2015     15511.2015         0.0000         121434.1324    113339.0025     86856.0000    121434.1324    113339.0025

MINIMIZER RESTARTING CONJUGATE GRADIENT ALGORITHM DUE TO POOR PROGRESS
LINE MINIMIZER REDUCING GRADIENT FROM 1.33457e+07 TO 13345.7
PRESSURE: 31 114615 1125.61 -1234.44 1125.61 113386 -2351.3 -1234.44 -2351.3 115665
GPRESSURE: 31 106380 1330.5 26.9843 1199.37 105296 -1775.61 -980.5 -1969.51 106907
ENERGY:      31       120.0129       867.3282       238.4194        33.9211         -17922.6669     29980.6917         0.0000         0.0000         0.0000          13317.7064         0.0000     13317.7064     13317.7064         0.0000         114555.3227    106194.6077     86856.0000    114555.3227    106194.6077

PRESSURE: 32 108505 1116.17 -1087.91 1116.17 107538 -1933.62 -1087.91 -1933.62 109846
GPRESSURE: 32 100049 1343.41 39.2095 1219.19 99232.2 -1394.86 -825.918 -1549.93 100947
ENERGY:      32       109.9541       840.8651       239.0226        32.0165         -17993.4146     28199.4297         0.0000         0.0000         0.0000          11427.8734         0.0000     11427.8734     11427.8734         0.0000         108629.6137    100076.0439     86856.0000    108629.6137    100076.0439

MINIMIZER RESTARTING CONJUGATE GRADIENT ALGORITHM DUE TO POOR PROGRESS
LINE MINIMIZER REDUCING GRADIENT FROM 9.18722e+06 TO 9187.22
PRESSURE: 33 104245 1075.27 -1033.44 1075.27 103272 -1930.65 -1033.44 -1930.65 105536
GPRESSURE: 33 95690.2 1293.57 89.1117 1157.11 94841.5 -1459.44 -771.284 -1509.34 96435.3
ENERGY:      33       104.1503       818.3681       239.5168        30.4025         -18054.2990     26918.8150         0.0000         0.0000         0.0000          10056.9537         0.0000     10056.9537     10056.9537         0.0000         104351.0024     95655.6825     86856.0000    104351.0024     95655.6825

PRESSURE: 34 100502 977.362 -1164.58 977.362 99459.6 -1794.86 -1164.58 -1794.86 101823
GPRESSURE: 34 91863 1130.92 -150.57 1012.2 90917.3 -1327.73 -930.256 -1331.39 92637
ENERGY:      34        98.8262       796.8807       240.0613        28.8902         -18111.7667     25798.1159         0.0000         0.0000         0.0000           8851.0077         0.0000      8851.0077      8851.0077         0.0000         100595.0340     91805.7773     86856.0000    100595.0340     91805.7773

MINIMIZER RESTARTING CONJUGATE GRADIENT ALGORITHM DUE TO POOR PROGRESS
LINE MINIMIZER REDUCING GRADIENT FROM 6.76949e+06 TO 6769.49
PRESSURE: 35 95494.7 977.329 -849.277 977.329 94838.6 -1598.86 -849.277 -1598.86 97027
GPRESSURE: 35 86597.1 1207.77 173.209 1082.23 86099.2 -1182.68 -576.118 -1143.67 87619.8
ENERGY:      35        93.0805       766.1952       240.8404        26.9793         -18198.2131     24363.7842         0.0000         0.0000         0.0000           7292.6666         0.0000      7292.6666      7292.6666         0.0000          95786.7599     86772.0236     86856.0000     95786.7599     86772.0236

PRESSURE: 36 91126.8 930.355 -715.091 930.355 90736 -1298.28 -715.091 -1298.28 92894.2
GPRESSURE: 36 82003.8 1181.4 233.956 1081.64 81823.6 -891.9 -419.055 -839.445 83350.2
ENERGY:      36        88.2110       737.3000       241.7160        25.2540         -18277.7148     23114.9034         0.0000         0.0000         0.0000           5929.6697         0.0000      5929.6697      5929.6697         0.0000          91585.6610     82392.5442     86856.0000     91585.6610     82392.5442

MINIMIZER RESTARTING CONJUGATE GRADIENT ALGORITHM DUE TO POOR PROGRESS
LINE MINIMIZER REDUCING GRADIENT FROM 4.95671e+06 TO 4956.71
PRESSURE: 37 88032.1 900.419 -662.043 900.419 87601.6 -1316.87 -662.043 -1316.87 89670.2
GPRESSURE: 37 78804.8 1124.21 265.566 1011.14 78563.7 -926.63 -385.202 -838.066 79982.3
ENERGY:      37        84.5973       712.8739       242.3924        24.1543         -18348.7894     22181.7584         0.0000         0.0000         0.0000           4896.9869         0.0000      4896.9869      4896.9869         0.0000          88434.6153     79116.9239     86856.0000     88434.6153     79116.9239

PRESSURE: 38 85320.1 830.65 -775.819 830.65 84791.9 -1223.65 -775.819 -1223.65 86894.8
GPRESSURE: 38 76000.9 989.324 58.2978 886.85 75641.3 -819.246 -530.35 -724.804 77135.9
ENERGY:      38        81.2512       689.4560       243.1257        23.1605         -18416.1406     21366.2528         0.0000         0.0000         0.0000           3987.1056         0.0000      3987.1056      3987.1056         0.0000          85668.9427     76259.3637     86856.0000     85668.9427     76259.3637

MINIMIZER RESTARTING CONJUGATE GRADIENT ALGORITHM DUE TO POOR PROGRESS
LINE MINIMIZER REDUCING GRADIENT FROM 3.8027e+06 TO 3802.7
PRESSURE: 39 82063.1 828.103 -520.563 828.103 81796.4 -1096.45 -520.563 -1096.45 83734.4
GPRESSURE: 39 72535.6 1042.51 331.142 941.689 72492.5 -732.859 -239.532 -610.612 73784.5
ENERGY:      39        78.0479       661.0091       243.9839        22.3443         -18501.8560     20441.7087         0.0000         0.0000         0.0000           2945.2379         0.0000      2945.2379      2945.2379         0.0000          82531.3372     72937.5367     86856.0000     82531.3372     72937.5367

PRESSURE: 40 79205.9 796.859 -418.137 796.859 79092.3 -883.716 -418.137 -883.716 80989.1
GPRESSURE: 40 69496.6 1028.8 388.152 948.685 69653.6 -538.71 -113.606 -404.18 70907.6
ETITLE:      TS           BOND          ANGLE          DIHED          IMPRP               ELECT            VDW       BOUNDARY           MISC        KINETIC               TOTAL           TEMP      POTENTIAL         TOTAL3        TEMPAVG            PRESSURE      GPRESSURE         VOLUME       PRESSAVG      GPRESSAVG

ENERGY:      40        75.1298       633.9372       244.9176        21.6380         -18582.6220     19629.5692         0.0000         0.0000         0.0000           2022.5699         0.0000      2022.5699      2022.5699         0.0000          79762.3976     70019.2287     86856.0000     79762.3976     70019.2287

MINIMIZER RESTARTING CONJUGATE GRADIENT ALGORITHM DUE TO POOR PROGRESS
LINE MINIMIZER REDUCING GRADIENT FROM 2.96663e+06 TO 2966.63
PRESSURE: 41 76776.8 776.176 -397.582 776.176 76630.1 -898.34 -397.582 -898.34 78422.2
GPRESSURE: 41 66951.2 971.731 382.763 883.442 67068.1 -559.979 -118.132 -415.435 68217.8
ENERGY:      41        72.7395       608.7207       245.7262        21.1208         -18664.3732     18901.9900         0.0000         0.0000         0.0000           1185.9240         0.0000      1185.9240      1185.9240         0.0000          77276.3644     67412.3419     86856.0000     77276.3644     67412.3419

PRESSURE: 42 74657.3 730.121 -517.056 730.121 74402.4 -830.746 -517.056 -830.746 76201.5
GPRESSURE: 42 64731.2 864.449 181.468 783.532 64729 -483.895 -271.265 -345.112 65925
ENERGY:      42        70.5126       584.6425       246.5905        20.6727         -18742.1389     18264.7991         0.0000         0.0000         0.0000            445.0784         0.0000       445.0784       445.0784         0.0000          75087.0780     65128.4016     86856.0000     75087.0780     65128.4016

MINIMIZER RESTARTING CONJUGATE GRADIENT ALGORITHM DUE TO POOR PROGRESS
LINE MINIMIZER REDUCING GRADIENT FROM 2.36635e+06 TO 2366.35
PRESSURE: 43 72472.1 741.27 -305.328 741.27 72393.7 -745.414 -305.328 -745.414 74044
GPRESSURE: 43 62380.2 918.323 412.029 837.806 62597.2 -435.199 -28.2243 -273.955 63609.7
ENERGY:      43        68.7102       561.1027       247.3764        20.3785         -18825.1635     17648.4407         0.0000         0.0000         0.0000           -279.1551         0.0000      -279.1551      -279.1551         0.0000          72969.9191     62862.3407     86856.0000     72969.9191     62862.3407

PRESSURE: 44 70558.9 733.632 -220.993 733.632 70545.2 -604.158 -220.993 -604.158 72158.8
GPRESSURE: 44 60325.7 927.744 463.297 858.701 60636.7 -318.051 75.9839 -143.003 61611.6
ENERGY:      44        67.0234       538.6588       248.2070        20.1286         -18904.8404     17103.5970         0.0000         0.0000         0.0000           -927.2256         0.0000      -927.2256      -927.2256         0.0000          71087.6223     60857.9996     86856.0000     71087.6223     60857.9996

MINIMIZER RESTARTING CONJUGATE GRADIENT ALGORITHM DUE TO POOR PROGRESS
LINE MINIMIZER REDUCING GRADIENT FROM 1.9173e+06 TO 1917.3
PRESSURE: 45 68520.6 710.983 -235.598 710.983 68467.1 -613.696 -235.598 -613.696 69991.4
GPRESSURE: 45 58163 865.892 425.353 791.417 58433.7 -338.951 38.365 -159.596 59323.6
ENERGY:      45        65.3445       514.1745       249.0493        19.8204         -18999.6490     16497.8217         0.0000         0.0000         0.0000          -1653.4386         0.0000     -1653.4386     -1653.4386         0.0000          68993.0382     58640.1255     86856.0000     68993.0382     58640.1255

PRESSURE: 46 66746.3 673.493 -362.351 673.493 66555.2 -572.254 -362.351 -572.254 68096.1
GPRESSURE: 46 56284.7 773.15 229.825 702.74 56406 -300.54 -119.344 -126.247 57345.7
ENERGY:      46        63.7881       491.0651       249.9359        19.5564         -19089.9957     15963.1821         0.0000         0.0000         0.0000          -2302.4680         0.0000     -2302.4680     -2302.4680         0.0000          67132.5379     56678.8264     86856.0000     67132.5379     56678.8264

MINIMIZER RESTARTING CONJUGATE GRADIENT ALGORITHM DUE TO POOR PROGRESS
LINE MINIMIZER REDUCING GRADIENT FROM 1.58737e+06 TO 1587.37
PRESSURE: 47 65210.1 687.093 -189.076 687.093 65154 -514.55 -189.076 -514.55 66564
GPRESSURE: 47 54614.8 822.582 419.483 751.052 54898 -275.153 85.6104 -80.3352 55686.8
ENERGY:      47        62.7940       473.3969       250.5284        19.3964         -19168.7325     15534.0412         0.0000         0.0000         0.0000          -2828.5756         0.0000     -2828.5756     -2828.5756         0.0000          65642.6895     55066.5402     86856.0000     65642.6895     55066.5402

PRESSURE: 48 63878.9 687.21 -122.515 687.21 63841 -423.444 -122.515 -423.444 65227.4
GPRESSURE: 48 53173 841.329 460.496 774.974 53484.4 -209.427 173.119 0.533225 54256.6
ENERGY:      48        61.8606       456.5545       251.1425        19.2541         -19245.1866     15154.4301         0.0000         0.0000         0.0000          -3301.9447         0.0000     -3301.9447     -3301.9447         0.0000          64315.7669     53637.9973     86856.0000     64315.7669     53637.9973

MINIMIZER RESTARTING CONJUGATE GRADIENT ALGORITHM DUE TO POOR PROGRESS
LINE MINIMIZER REDUCING GRADIENT FROM 1.31356e+06 TO 1313.56
PRESSURE: 49 62063.7 656.258 -156.48 656.258 61958.9 -437.482 -156.48 -437.482 63269.5
GPRESSURE: 49 51218.8 769.056 411.184 697.546 51465.9 -235.668 113.049 -28.0874 52175.1
ENERGY:      49        60.6125       433.9396       251.8961        18.9407         -19358.7646     14615.1636         0.0000         0.0000         0.0000          -3978.2120         0.0000     -3978.2120     -3978.2120         0.0000          62430.6731     51619.9090     86856.0000     62430.6731     51619.9090

LDB: ============= START OF LOAD BALANCING ============== 18.4877
LDB: ============== END OF LOAD BALANCING =============== 18.4877
LDB: =============== DONE WITH MIGRATION ================ 18.4879
MINIMIZER RESTARTING CONJUGATE GRADIENT ALGORITHM DUE TO POOR PROGRESS
LINE MINIMIZER REDUCING GRADIENT FROM 1.13043e+06 TO 1130.43
PRESSURE: 50 57388.5 596.594 -144.202 596.594 57186.3 -301.931 -144.202 -301.931 58430.3
GPRESSURE: 50 46155.8 693.75 337.69 626.355 46302.5 -182.293 153.315 71.6124 46990
Info: Initial time: 1 CPUs 0.0833147 s/step 0.482145 days/ns 469.121 MB memory
ETITLE:      TS           BOND          ANGLE          DIHED          IMPRP               ELECT            VDW       BOUNDARY           MISC        KINETIC               TOTAL           TEMP      POTENTIAL         TOTAL3        TEMPAVG            PRESSURE      GPRESSURE         VOLUME       PRESSAVG      GPRESSAVG

ENERGY:      50        57.8807       377.0632       253.9404        18.3638         -19671.9367     13262.1004         0.0000         0.0000         0.0000          -5702.5882         0.0000     -5702.5882     -5702.5882         0.0000          57668.3587     46482.7509     86856.0000     57668.3587     46482.7509

PRESSURE: 51 53419.7 535.959 -151.295 535.959 53037 -178.162 -151.295 -178.162 54330.4
GPRESSURE: 51 41842.6 607.489 251.78 549.458 41822.3 -145.152 178.922 159.774 42589.9
ENERGY:      51        56.1970       333.6007       256.2040        18.0077         -19931.0002     12115.5598         0.0000         0.0000         0.0000          -7151.4310         0.0000     -7151.4310     -7151.4310         0.0000          53595.7028     42084.9059     86856.0000     53595.7028     42084.9059

MINIMIZER RESTARTING CONJUGATE GRADIENT ALGORITHM DUE TO POOR PROGRESS
LINE MINIMIZER REDUCING GRADIENT FROM 690801 TO 690.801
PRESSURE: 52 52298.9 495.367 -163.919 495.367 51822.2 -238.995 -163.919 -238.995 52922.9
GPRESSURE: 52 40592.3 517.885 237.518 470.02 40468 -177.735 142.045 91.1045 41046.9
ENERGY:      52        56.1693       320.2455       256.1815        17.4277         -20057.9575     11759.3288         0.0000         0.0000         0.0000          -7648.6048         0.0000     -7648.6048     -7648.6048         0.0000          52347.9871     40702.3700     86856.0000     52347.9871     40702.3700

PRESSURE: 53 51310.4 462.928 -212.85 462.928 50696.1 -254.67 -212.85 -254.67 52029.7
GPRESSURE: 53 39471 425.58 196.873 394.713 39224.3 -161.609 78.4604 63.0978 40007.4
ENERGY:      53        56.9065       307.7194       256.2027        16.8983         -20176.4847     11477.4137         0.0000         0.0000         0.0000          -8061.3443         0.0000     -8061.3443     -8061.3443         0.0000          51345.4084     39567.5466     86856.0000     51345.4084     39567.5466

MINIMIZER RESTARTING CONJUGATE GRADIENT ALGORITHM DUE TO POOR PROGRESS
LINE MINIMIZER REDUCING GRADIENT FROM 849645 TO 849.645
PRESSURE: 54 50820 459.939 -201.346 459.939 50259.7 -249.093 -201.346 -249.093 51263.3
GPRESSURE: 54 38940.1 464.091 183.828 428.717 38718.2 -199.244 111.913 61.5714 39214.6
ENERGY:      54        55.7668       302.8198       256.2058        17.1581         -20221.6543     11318.7955         0.0000         0.0000         0.0000          -8270.9083         0.0000     -8270.9083     -8270.9083         0.0000          50780.9935     38957.6586     86856.0000     50780.9935     38957.6586

PRESSURE: 55 50381.8 460.827 -205.354 460.827 49849.9 -214.885 -205.354 -214.885 50902.6
GPRESSURE: 55 38453.3 482.983 161.755 448.032 38258 -188.965 124.988 95.896 38828.1
ENERGY:      55        55.7878       298.1195       256.2140        17.4366         -20265.0724     11209.5895         0.0000         0.0000         0.0000          -8427.9250         0.0000     -8427.9250     -8427.9250         0.0000          50378.1176     38513.1465     86856.0000     50378.1176     38513.1465

MINIMIZER RESTARTING CONJUGATE GRADIENT ALGORITHM DUE TO POOR PROGRESS
LINE MINIMIZER REDUCING GRADIENT FROM 522682 TO 522.682
PRESSURE: 56 48664.8 377.848 -189.448 377.848 48011.2 -273.46 -189.448 -273.46 48909.6
GPRESSURE: 56 36540.5 354.797 158.702 323.463 36214.4 -257.471 149.809 22.6075 36636.1
ENERGY:      56        58.9371       278.8808       256.4629        15.6545         -20469.6414     10687.4798         0.0000         0.0000         0.0000          -9172.2262         0.0000     -9172.2262     -9172.2262         0.0000          48528.5357     36463.6686     86856.0000     48528.5357     36463.6686

PRESSURE: 57 47080.1 303.37 -176.415 303.37 46281.9 -325.618 -176.415 -325.618 47369
GPRESSURE: 57 34768.3 230.612 168.04 201.506 34311.3 -319.533 184.487 -48.8885 34881.6
ENERGY:      57        78.0970       263.0178       256.7989        14.3627         -20655.0149     10237.4017         0.0000         0.0000         0.0000          -9805.3369         0.0000     -9805.3369     -9805.3369         0.0000          46910.3477     34653.7208     86856.0000     46910.3477     34653.7208

MINIMIZER RESTARTING CONJUGATE GRADIENT ALGORITHM DUE TO POOR PROGRESS
LINE MINIMIZER REDUCING GRADIENT FROM 771265 TO 771.265
PRESSURE: 58 46678.7 342.438 -203.998 342.438 45958.1 -242.965 -203.998 -242.965 46853.8
GPRESSURE: 58 34325.1 300.979 116.901 278.478 33931.1 -255.182 153.003 51.4507 34368.4
ENERGY:      58        54.4894       256.4994       256.7205        15.6205         -20689.1678     10129.1253         0.0000         0.0000         0.0000          -9976.7127         0.0000     -9976.7127     -9976.7127         0.0000          46496.8250     34208.1924     86856.0000     46496.8250     34208.1924

PRESSURE: 59 46290.9 391.35 -228.357 391.35 45609.2 -170.722 -228.357 -170.722 46591.5
GPRESSURE: 59 33892.8 370.486 81.0981 354.207 33540.7 -191.974 132.421 142.188 34088.3
ENERGY:      59        63.6981       252.8596       256.6408        17.5169         -20722.1988     10051.5480         0.0000         0.0000         0.0000         -10079.9354         0.0000    -10079.9354    -10079.9354         0.0000          46163.8986     33840.6159     86856.0000     46163.8986     33840.6159

LDB: ============= START OF LOAD BALANCING ============== 19.3182
LDB: ============== END OF LOAD BALANCING =============== 19.3182
LDB: =============== DONE WITH MIGRATION ================ 19.3183
PRESSURE: 60 45916.7 450.03 -249.983 450.03 45237.7 -103.69 -249.983 -103.69 46488.7
GPRESSURE: 60 33469.4 450.693 51.5598 440.575 33135.3 -127.59 116.541 231.658 33963.6
ETITLE:      TS           BOND          ANGLE          DIHED          IMPRP               ELECT            VDW       BOUNDARY           MISC        KINETIC               TOTAL           TEMP      POTENTIAL         TOTAL3        TEMPAVG            PRESSURE      GPRESSURE         VOLUME       PRESSAVG      GPRESSAVG

ENERGY:      60       105.0567       252.3854       256.5537        20.5387         -20754.0958      9995.1756         0.0000         0.0000         0.0000         -10124.3857         0.0000    -10124.3857    -10124.3857         0.0000          45881.0071     33522.7576     86856.0000     45881.0071     33522.7576

PRESSURE: 61 45555.9 519.053 -269.61 519.053 44849 -25.7101 -269.61 -25.7101 46569.6
GPRESSURE: 61 33049.8 552.897 22.9979 549.407 32719.2 -44.4264 102.087 341.003 34024.9
ENERGY:      61       177.4548       255.5397       256.4522        25.7048         -20784.8513      9963.0501         0.0000         0.0000         0.0000         -10106.6496         0.0000    -10106.6496    -10106.6496         0.0000          45658.1731     33264.6277     86856.0000     45658.1731     33264.6277

LINE MINIMIZER BRACKET: DX 0.000279433 0.000279433 DU -44.4504 17.7361 DUDX -262322 -50942.2 193553 
PRESSURE: 62 45835.2 464.427 -254.453 464.427 45152.3 -88.2182 -254.453 -88.2182 46487.9
GPRESSURE: 62 33376 470.936 45.2962 462.233 33043.2 -111.759 113.258 252.989 33958.2
ENERGY:      62       118.5376       252.7538       256.5325        21.4500         -20761.0260      9985.5969         0.0000         0.0000         0.0000         -10126.1551         0.0000    -10126.1551    -10126.1551         0.0000          45825.1386     33459.1108     86856.0000     45825.1386     33459.1108

LINE MINIMIZER BRACKET: DX 6.22081e-05 0.000217225 DU -1.7694 19.5055 DUDX -50942.2 -978.635 193553 
PRESSURE: 63 45806.9 469.59 -256.021 469.59 45122.3 -82.6303 -256.021 -82.6303 46489.9
GPRESSURE: 63 33343.4 478.324 43.0931 470.119 33010.9 -105.959 112.123 260.775 33958.6
ENERGY:      63       123.6051       252.9256       256.5250        21.7952         -20763.4388      9982.5484         0.0000         0.0000         0.0000         -10126.0396         0.0000    -10126.0396    -10126.0396         0.0000          45806.3746     33437.6206     86856.0000     45806.3746     33437.6206

LINE MINIMIZER BRACKET: DX 6.22081e-05 2.17225e-05 DU -1.7694 0.115565 DUDX -50942.2 -978.635 16946.2 
PRESSURE: 64 45832.4 464.94 -254.611 464.94 45149.3 -87.6639 -254.611 -87.6639 46488.1
GPRESSURE: 64 33372.7 471.668 45.0757 463.014 33039.9 -111.186 113.144 253.76 33958.2
ENERGY:      64       119.0360       252.7700       256.5318        21.4839         -20761.2676      9985.2850         0.0000         0.0000         0.0000         -10126.1610         0.0000    -10126.1610    -10126.1610         0.0000          45823.2441     33456.9439     86856.0000     45823.2441     33456.9439

LINE MINIMIZER BRACKET: DX 2.17225e-06 1.95503e-05 DU -0.00582973 0.121395 DUDX -978.635 802.047 16946.2 
PRESSURE: 65 45832.7 464.881 -254.593 464.881 45149.7 -87.7277 -254.593 -87.7277 46488
GPRESSURE: 65 33373.1 471.583 45.1011 462.924 33040.3 -111.252 113.157 253.671 33958.2
ENERGY:      65       118.9786       252.7681       256.5319        21.4800         -20761.2398      9985.3208         0.0000         0.0000         0.0000         -10126.1605         0.0000    -10126.1605    -10126.1605         0.0000          45823.4617     33457.1929     86856.0000     45823.4617     33457.1929

LINE MINIMIZER BRACKET: DX 2.49908e-07 1.95503e-05 DU -0.000432976 0.121395 DUDX 597.02 802.047 16946.2 
PRESSURE: 66 45832.4 464.94 -254.611 464.94 45149.3 -87.6639 -254.611 -87.6639 46488.1
GPRESSURE: 66 33372.7 471.668 45.0757 463.014 33039.9 -111.186 113.144 253.76 33958.2
ENERGY:      66       119.0360       252.7700       256.5318        21.4839         -20761.2676      9985.2850         0.0000         0.0000         0.0000         -10126.1610         0.0000    -10126.1610    -10126.1610         0.0000          45823.2440     33456.9438     86856.0000     45823.2440     33456.9438

MINIMIZER RESTARTING CONJUGATE GRADIENT ALGORITHM
LINE MINIMIZER REDUCING GRADIENT FROM 855297 TO 855.297
PRESSURE: 67 45810.6 378.836 -242.393 378.836 45130.6 -140.31 -242.393 -140.31 46165
GPRESSURE: 67 33345.3 370.535 55.0277 359.725 33001.4 -167.924 128.577 179.514 33613.4
ENERGY:      67        63.3263       247.7669       256.6827        17.1956         -20784.7732      9924.0894         0.0000         0.0000         0.0000         -10275.7122         0.0000    -10275.7122    -10275.7122         0.0000          45702.0689     33320.0382     86856.0000     45702.0689     33320.0382

PRESSURE: 68 45783.5 311.305 -221.292 311.305 45065.2 -220.188 -221.292 -220.188 45852.9
GPRESSURE: 68 33312.6 290.631 73.6024 277.344 32916.5 -251.886 152.656 78.4876 33280
ENERGY:      68        57.5687       247.5935       256.8211        14.7956         -20807.7904      9868.1591         0.0000         0.0000         0.0000         -10362.8523         0.0000    -10362.8523    -10362.8523         0.0000          45567.1970     33169.7103     86856.0000     45567.1970     33169.7103

PRESSURE: 69 45750.7 262.179 -191.763 262.179 44950.2 -328.713 -191.763 -328.713 45545.1
GPRESSURE: 69 33274.4 230.684 100.477 214.618 32782.4 -364.482 185.002 -50.8971 32951.1
ENERGY:      69       102.5139       251.9544       256.9578        13.3542         -20830.3542      9816.5479         0.0000         0.0000         0.0000         -10389.0260         0.0000    -10389.0260    -10389.0260         0.0000          45415.3350     33002.6356     86856.0000     45415.3350     33002.6356

PRESSURE: 70 45711.9 231.357 -154.421 231.357 44783.7 -466.266 -154.421 -466.266 45238.2
GPRESSURE: 70 33230.5 189.777 135.188 170.73 32597.1 -506.11 225.133 -209.165 32623.2
ETITLE:      TS           BOND          ANGLE          DIHED          IMPRP               ELECT            VDW       BOUNDARY           MISC        KINETIC               TOTAL           TEMP      POTENTIAL         TOTAL3        TEMPAVG            PRESSURE      GPRESSURE         VOLUME       PRESSAVG      GPRESSAVG

ENERGY:      70       197.9382       261.0055       257.0989        12.4451         -20852.5032      9768.6659         0.0000         0.0000         0.0000         -10355.3496         0.0000    -10355.3496    -10355.3496         0.0000          45244.5919     32816.8997     86856.0000     45244.5919     32816.8997

LINE MINIMIZER BRACKET: DX 0.000212146 0.000212146 DU -26.1737 33.6763 DUDX -266019 18800.9 298515 
PRESSURE: 71 45754.2 266.267 -195.076 266.267 44964 -316.541 -195.076 -316.541 45575.8
GPRESSURE: 71 33278.5 235.829 97.4257 220.035 32798.1 -351.907 181.408 -36.6343 32983.9
ENERGY:      71        95.7359       251.3144       256.9440        13.4696         -20828.1271      9821.5355         0.0000         0.0000         0.0000         -10389.1277         0.0000    -10389.1277    -10389.1277         0.0000          45431.3498     33020.1569     86856.0000     45431.3498     33020.1569

LINE MINIMIZER BRACKET: DX 0.000190932 2.12146e-05 DU -26.2754 0.101744 DUDX -266019 -9465.37 18800.9 
PRESSURE: 72 45753.1 264.892 -193.985 264.892 44959.5 -320.542 -193.985 -320.542 45565.6
GPRESSURE: 72 33277.1 234.109 98.4282 218.22 32792.9 -356.044 182.592 -41.3255 32973
ENERGY:      72        97.9291       251.5217       256.9486        13.4307         -20828.8702      9819.8767         0.0000         0.0000         0.0000         -10389.1634         0.0000    -10389.1634    -10389.1634         0.0000          45426.0534     33014.3588     86856.0000     45426.0534     33014.3588

LINE MINIMIZER BRACKET: DX 7.04017e-06 1.41745e-05 DU -0.0356398 0.137384 DUDX -9465.37 -83.6221 18800.9 
MINIMIZER RESTARTING CONJUGATE GRADIENT ALGORITHM
LINE MINIMIZER REDUCING GRADIENT FROM 637524 TO 637.524
PRESSURE: 73 45405.9 305.783 -219.283 305.783 44681.4 -219.368 -219.283 -219.368 45420.1
GPRESSURE: 73 32890.5 278.206 72.9856 264.107 32483 -254.865 154.473 76.3572 32799.1
ENERGY:      73        56.6973       243.5985       256.8425        14.6280         -20854.7787      9759.8097         0.0000         0.0000         0.0000         -10523.2027         0.0000    -10523.2027    -10523.2027         0.0000          45169.1155     32724.2162     86856.0000     45169.1155     32724.2162

PRESSURE: 74 45051.5 362.029 -237.302 362.029 44355 -148.206 -237.302 -148.206 45251.9
GPRESSURE: 74 32498.3 337.357 54.4462 324.592 32125.4 -183.637 133.089 164.226 32602.7
ENERGY:      74        63.6512       240.0636       256.7353        16.5746         -20880.3799      9700.8175         0.0000         0.0000         0.0000         -10602.5378         0.0000    -10602.5378    -10602.5378         0.0000          44886.1298     32408.7932     86856.0000     44886.1298     32408.7932

PRESSURE: 75 44689.6 433.691 -247.934 433.691 43982.8 -107.343 -247.934 -107.343 45060.2
GPRESSURE: 75 32100.5 411.834 42.9603 399.911 31722.5 -142.629 118.526 222.205 32383.2
ENERGY:      75       118.0371       241.2480       256.6172        19.9817         -20905.6465      9642.9616         0.0000         0.0000         0.0000         -10626.8008         0.0000    -10626.8008    -10626.8008         0.0000          44577.5223     32068.7455     86856.0000     44577.5223     32068.7455

PRESSURE: 76 44319.2 521.322 -251.194 521.322 43568.6 -96.3946 -251.194 -96.3946 44844.2
GPRESSURE: 76 31697.3 502.566 38.6096 491.027 31278.5 -131.338 110.762 251.18 32140.3
ENERGY:      76       218.2203       247.8437       256.4775        26.5733         -20930.5641      9586.3387         0.0000         0.0000         0.0000         -10595.1106         0.0000    -10595.1106    -10595.1106         0.0000          44243.9943     31705.3906     86856.0000     44243.9943     31705.3906

LINE MINIMIZER BRACKET: DX 0.000252973 0.000252973 DU -24.2629 31.6902 DUDX -204900 13970.8 238999 
PRESSURE: 77 44726.1 425.83 -247.209 425.83 44022 -110.076 -247.209 -110.076 45080.4
GPRESSURE: 77 32140.5 403.685 43.784 391.703 31764.7 -145.379 119.671 217.732 32406.2
ENERGY:      77       110.5026       240.9012       256.6298        19.5395         -20903.1334      9648.6935         0.0000         0.0000         0.0000         -10626.8668         0.0000    -10626.8668    -10626.8668         0.0000          44609.5168     32103.8275     86856.0000     44609.5168     32103.8275

LINE MINIMIZER BRACKET: DX 0.000227676 2.52973e-05 DU -24.329 0.0660465 DUDX -204900 -8072.41 13970.8 
PRESSURE: 78 44712.3 428.783 -247.488 428.783 44007.3 -109.01 -247.488 -109.01 45072.8
GPRESSURE: 78 32125.4 406.746 43.4676 394.788 31748.8 -144.307 119.234 219.454 32397.5
ENERGY:      78       113.2951       241.0262       256.6251        19.7032         -20904.0824      9646.5264         0.0000         0.0000         0.0000         -10626.9064         0.0000    -10626.9064    -10626.9064         0.0000          44597.4582     32090.6008     86856.0000     44597.4582     32090.6008

LINE MINIMIZER BRACKET: DX 9.55752e-06 1.57398e-05 DU -0.0395594 0.105606 DUDX -8072.41 249.839 13970.8 
LINE MINIMIZER REDUCING GRADIENT FROM 723239 TO 723.239
PRESSURE: 79 42384.8 362.796 -192.669 362.796 41580.8 -81.1623 -192.669 -81.1623 42674.9
GPRESSURE: 79 29513.4 338.362 69.4037 316.907 29047.5 -145.152 179.123 252.56 29729.5
ENERGY:      79       101.1167       217.8154       256.8899        18.0529         -21206.2996      8983.9471         0.0000         0.0000         0.0000         -11628.4777         0.0000    -11628.4777    -11628.4777         0.0000          42213.4853     29430.1603     86856.0000     42213.4853     29430.1603

PRESSURE: 80 40305.6 303.057 -148.293 303.057 39382.1 -47.1626 -148.293 -47.1626 40522.5
GPRESSURE: 80 27188.3 284.146 78.4578 250.112 26620.6 -142.466 217.958 294.292 27340.8
ETITLE:      TS           BOND          ANGLE          DIHED          IMPRP               ELECT            VDW       BOUNDARY           MISC        KINETIC               TOTAL           TEMP      POTENTIAL         TOTAL3        TEMPAVG            PRESSURE      GPRESSURE         VOLUME       PRESSAVG      GPRESSAVG

ENERGY:      80        93.2571       201.8032       257.1865        16.5881         -21462.3604      8392.0006         0.0000         0.0000         0.0000         -12501.5249         0.0000    -12501.5249    -12501.5249         0.0000          40070.0797     27049.9123     86856.0000     40070.0797     27049.9123

MINIMIZER RESTARTING CONJUGATE GRADIENT ALGORITHM DUE TO POOR PROGRESS
LINE MINIMIZER REDUCING GRADIENT FROM 476568 TO 476.568
PRESSURE: 81 40238.8 238.487 -168.312 238.487 39411.3 -69.9634 -168.312 -69.9634 40312.9
GPRESSURE: 81 27098.5 215.443 49.6565 185.731 26629.9 -166.886 199.047 261.333 27106.6
ENERGY:      81        55.9368       199.3949       257.1968        14.0897         -21482.9947      8355.6569         0.0000         0.0000         0.0000         -12600.7195         0.0000    -12600.7195    -12600.7195         0.0000          39987.6701     26944.9997     86856.0000     39987.6701     26944.9997

PRESSURE: 82 40171.3 188.005 -179.554 188.005 39388.9 -126.246 -179.554 -126.246 40083.4
GPRESSURE: 82 27009.7 160.749 29.4702 135.04 26588 -224.973 188.671 195.03 26852.6
ENERGY:      82        63.3828       201.1217       257.1969        12.6996         -21503.3462      8320.4289         0.0000         0.0000         0.0000         -12648.5163         0.0000    -12648.5163    -12648.5163         0.0000          39881.1769     26816.7654     86856.0000     39881.1769     26816.7654

PRESSURE: 83 40102.8 151.685 -182.284 151.685 39312.5 -215.507 -182.284 -215.507 39834.7
GPRESSURE: 83 26921.3 119.926 17.5687 98.0418 26492.6 -316.203 186.592 95.7154 26579.3
ENERGY:      83       116.2685       206.6973       257.1957        11.8613         -21523.4441      8286.2080         0.0000         0.0000         0.0000         -12645.2134         0.0000    -12645.2134    -12645.2134         0.0000          39750.0125     26664.3885     86856.0000     39750.0125     26664.3885

LINE MINIMIZER BRACKET: DX 0.000262343 0.000262343 DU -47.7968 3.30296 DUDX -279906 -84530.3 109658 
PRESSURE: 84 40141.6 170.46 -181.758 170.46 39362.4 -161.084 -181.758 -161.084 39977.5
GPRESSURE: 84 26971.2 141.291 23.3061 117.258 26553.2 -260.647 186.776 155.827 26736
ENERGY:      84        80.8058       203.0763       257.1961        12.2858         -21512.1219      8305.4181         0.0000         0.0000         0.0000         -12653.3398         0.0000    -12653.3398    -12653.3398         0.0000          39827.1462     26753.4466     86856.0000     39827.1462     26753.4466

LINE MINIMIZER BRACKET: DX 0.000114167 0.000148176 DU -4.82345 8.12641 DUDX -84530.3 160.203 109658 
LINE MINIMIZER REDUCING GRADIENT FROM 385594 TO 385.594
PRESSURE: 85 39189.4 163.222 -207.514 163.222 38444.3 -123.734 -207.514 -123.734 38986.4
GPRESSURE: 85 25877.9 129.407 -11.2848 150.348 25494.2 -242.875 162.061 206.828 25613.2
ENERGY:      85        75.9727       197.1168       257.0576        12.0627         -21652.9985      8043.2309         0.0000         0.0000         0.0000         -13067.5577         0.0000    -13067.5577    -13067.5577         0.0000          38873.3393     25661.7692     86856.0000     38873.3393     25661.7692

MINIMIZER RESTARTING CONJUGATE GRADIENT ALGORITHM DUE TO POOR PROGRESS
LINE MINIMIZER REDUCING GRADIENT FROM 332986 TO 332.986
PRESSURE: 86 38982.5 200.755 -195.098 200.755 38213 -54.9883 -195.098 -54.9883 38925.9
GPRESSURE: 86 25653.8 171.4 6.54138 192.348 25244.4 -175.398 171.887 286.459 25542.9
ENERGY:      86        53.6084       193.0480       257.0035        13.0684         -21673.1928      8001.8450         0.0000         0.0000         0.0000         -13154.6195         0.0000    -13154.6195    -13154.6195         0.0000          38707.1259     25480.3744     86856.0000     38707.1259     25480.3744

PRESSURE: 87 38775 251.384 -174.757 251.384 37931.7 -15.6178 -174.757 -15.6178 38847.5
GPRESSURE: 87 25430.3 226.318 31.9378 247.109 24945 -137.402 189.329 336.821 25455.2
ENERGY:      87        72.5115       192.4992       256.9430        14.8383         -21693.1316      7961.2649         0.0000         0.0000         0.0000         -13195.0747         0.0000    -13195.0747    -13195.0747         0.0000          38518.0788     25276.8384     86856.0000     38518.0788     25276.8384

PRESSURE: 88 38566.7 315.03 -146.41 315.03 37603.2 -5.75222 -146.41 -5.75222 38750.7
GPRESSURE: 88 25208.1 294.366 65.0517 314.757 24598.9 -129.027 214.423 358.039 25349.6
ENERGY:      88       131.4318       196.0186       256.8663        18.2217         -21712.7824      7921.5712         0.0000         0.0000         0.0000         -13188.6729         0.0000    -13188.6729    -13188.6729         0.0000          38306.8571     25052.1876     86856.0000     38306.8571     25052.1876

LINE MINIMIZER BRACKET: DX 0.00033132 0.00033132 DU -40.4552 6.40184 DUDX -192444 -51515.1 90836 
PRESSURE: 89 38699.4 273.02 -165.379 273.02 37817.5 -8.63124 -165.379 -8.63124 38814.5
GPRESSURE: 89 25349.3 249.518 43.0788 270.195 24824.4 -130.943 197.568 347.872 25418.9
ENERGY:      89        89.3967       193.2690       256.9176        15.8096         -21700.3109      7946.7239         0.0000         0.0000         0.0000         -13198.1941         0.0000    -13198.1941    -13198.1941         0.0000          38443.7995     25197.5221     86856.0000     38443.7995     25197.5221

LINE MINIMIZER BRACKET: DX 0.000120473 0.000210847 DU -3.11939 9.52123 DUDX -51515.1 -50.8768 90836 
LINE MINIMIZER REDUCING GRADIENT FROM 408842 TO 408.842
PRESSURE: 90 37026.6 247.639 -120.068 247.639 36158.1 29.1617 -120.068 29.1617 37145.7
GPRESSURE: 90 23469.4 243.477 69.9447 222.204 22958.1 -94.3123 213.116 386.794 23553.9
ETITLE:      TS           BOND          ANGLE          DIHED          IMPRP               ELECT            VDW       BOUNDARY           MISC        KINETIC               TOTAL           TEMP      POTENTIAL         TOTAL3        TEMPAVG            PRESSURE      GPRESSURE         VOLUME       PRESSAVG      GPRESSAVG

ENERGY:      90        79.7365       188.6360       256.6041        16.2010         -21936.9276      7505.8740         0.0000         0.0000         0.0000         -13889.8762         0.0000    -13889.8762    -13889.8762         0.0000          36776.8093     23327.1518     86856.0000     36776.8093     23327.1518

PRESSURE: 91 35523 227.085 -94.783 227.085 34636 61.4474 -94.783 61.4474 35633.2
GPRESSURE: 91 21785.4 245.902 80.4207 178.963 21254.2 -64.006 205.934 422.053 21870.6
ENERGY:      91        74.1722       187.1889       256.4594        16.6792         -22143.5371      7110.7958         0.0000         0.0000         0.0000         -14498.2416         0.0000    -14498.2416    -14498.2416         0.0000          35264.0898     21636.7423     86856.0000     35264.0898     21636.7423

MINIMIZER RESTARTING CONJUGATE GRADIENT ALGORITHM DUE TO POOR PROGRESS
LINE MINIMIZER REDUCING GRADIENT FROM 313201 TO 313.201
PRESSURE: 92 35463.1 158.734 -111.463 158.734 34737.8 39.5774 -111.463 39.5774 35462.5
GPRESSURE: 92 21697.8 173.106 56.4502 111.878 21337.1 -85.8117 193.132 391.124 21665.8
ENERGY:      92        52.7303       182.1852       256.5252        12.8102         -22159.8860      7078.2587         0.0000         0.0000         0.0000         -14577.3765         0.0000    -14577.3765    -14577.3765         0.0000          35221.1617     21566.8868     86856.0000     35221.1617     21566.8868

PRESSURE: 93 35405 108.294 -124.437 108.294 34780.5 3.87514 -124.437 3.87514 35295.7
GPRESSURE: 93 21613.8 118.278 35.9048 62.24 21361 -121.953 183.856 346.58 21464.3
ENERGY:      93        71.5064       183.0043       256.5837        10.9487         -22175.8018      7048.4410         0.0000         0.0000         0.0000         -14605.3178         0.0000    -14605.3178    -14605.3178         0.0000          35160.4143     21479.7112     86856.0000     35160.4143     21479.7112

PRESSURE: 94 35348.9 76.173 -133.789 76.173 34759.8 -45.3145 -133.789 -45.3145 35132.7
GPRESSURE: 94 21533.1 81.7156 18.6423 30.3566 21321.5 -172.003 178.033 288.498 21265.9
ENERGY:      94       132.8178       188.5884       256.6437        10.0530         -22191.3072      7021.1214         0.0000         0.0000         0.0000         -14582.0829         0.0000    -14582.0829    -14582.0829         0.0000          35080.4703     21373.5146     86856.0000     35080.4703     21373.5146

LINE MINIMIZER BRACKET: DX 0.000335074 0.000335074 DU -27.9413 23.2349 DUDX -159605 -7121.83 145901 
PRESSURE: 95 35399.3 104.24 -125.525 104.24 34781.3 -0.450046 -125.525 -0.450046 35279.3
GPRESSURE: 95 21605.6 113.792 34.0422 58.2245 21360 -126.344 183.128 341.37 21444.3
ENERGY:      95        75.6896       183.3640       256.5895        10.8262         -22177.3677      7045.6007         0.0000         0.0000         0.0000         -14605.2977         0.0000    -14605.2977    -14605.2977         0.0000          35153.3084     21469.9776     86856.0000     35153.3084     21469.9776

LINE MINIMIZER BRACKET: DX 0.000335074 3.35074e-05 DU -27.9413 0.0200298 DUDX -159605 -7121.83 8145.54 
PRESSURE: 96 35402.4 106.396 -124.941 106.396 34781 1.89533 -124.941 1.89533 35288.1
GPRESSURE: 96 21610.1 116.186 35.0441 60.3547 21360.6 -123.961 183.519 344.192 21455.1
ENERGY:      96        73.3830       183.1640       256.5863        10.8911         -22176.5234      7047.1283         0.0000         0.0000         0.0000         -14605.3707         0.0000    -14605.3707    -14605.3707         0.0000          35157.1611     21475.2468     86856.0000     35157.1611     21475.2468

LINE MINIMIZER BRACKET: DX 1.54564e-05 1.8051e-05 DU -0.0529629 0.0729927 DUDX -7121.83 -81.9194 8145.54 
LINE MINIMIZER REDUCING GRADIENT FROM 253479 TO 253.479
PRESSURE: 97 34825.9 105.433 -150.388 105.433 34265.2 57.6842 -150.388 57.6842 34824.8
GPRESSURE: 97 20929.8 103.909 14.1701 108.608 20741.3 -83.8255 177.856 421.682 20892.4
ENERGY:      97        67.7654       181.7657       256.4956        10.2842         -22264.4468      6893.2414         0.0000         0.0000         0.0000         -14854.8944         0.0000    -14854.8944    -14854.8944         0.0000          34638.6369     20854.4785     86856.0000     34638.6369     20854.4785

PRESSURE: 98 34383 93.2564 -217.514 93.2564 33812.5 110.295 -217.514 110.295 34460.2
GPRESSURE: 98 20391.4 86.0318 -48.844 146.299 20186.3 -43.5348 131.573 503.373 20437.8
ENERGY:      98        77.5010       186.6252       256.4337        10.0972         -22345.4387      6772.6030         0.0000         0.0000         0.0000         -15042.1786         0.0000    -15042.1786    -15042.1786         0.0000          34218.5880     20338.4793     86856.0000     34218.5880     20338.4793

MINIMIZER RESTARTING CONJUGATE GRADIENT ALGORITHM DUE TO POOR PROGRESS
LINE MINIMIZER REDUCING GRADIENT FROM 286264 TO 286.264
PRESSURE: 99 34134.2 153.896 -158.008 153.896 33510.9 49.6953 -158.008 49.6953 34197.6
GPRESSURE: 99 20149.5 148.558 11.771 201.325 19878.6 -112.055 177.006 431.869 20193.6
ENERGY:      99        54.5377       178.6410       256.1920        10.5856         -22365.3271      6724.8105         0.0000         0.0000         0.0000         -15140.5604         0.0000    -15140.5604    -15140.5604         0.0000          33947.5806     20073.8957     86856.0000     33947.5806     20073.8957

LDB: ============= START OF LOAD BALANCING ============== 22.6115
LDB: ============== END OF LOAD BALANCING =============== 22.6116
LDB: =============== DONE WITH MIGRATION ================ 22.6119
PRESSURE: 100 34134.2 153.896 -158.008 153.896 33510.9 49.6953 -158.008 49.6953 34197.6
GPRESSURE: 100 20149.5 148.558 11.7711 201.325 19878.6 -112.055 177.006 431.869 20193.6
Info: Initial time: 1 CPUs 0.082137 s/step 0.47533 days/ns 469.121 MB memory
ETITLE:      TS           BOND          ANGLE          DIHED          IMPRP               ELECT            VDW       BOUNDARY           MISC        KINETIC               TOTAL           TEMP      POTENTIAL         TOTAL3        TEMPAVG            PRESSURE      GPRESSURE         VOLUME       PRESSAVG      GPRESSAVG

ENERGY:     100        54.5377       178.6410       256.1920        10.5856         -22365.3271      6724.8105         0.0000         0.0000         0.0000         -15140.5604         0.0000    -15140.5604    -15140.5604         0.0000          33947.5806     20073.8957     86856.0000     33947.5806     20073.8957

REINITIALIZING VELOCITIES AT STEP 100 TO 310 KELVIN.
TCL: Running for 2500 steps
PRESSURE: 100 21259.8 155.617 16.2073 155.617 20725 210.638 16.2073 210.638 21159.2
GPRESSURE: 100 21261.8 116.902 -20.6327 149.539 20736.9 44.981 42.0648 295.478 21202.8
ENERGY:     100        54.5377       178.6410       256.1920        10.5856         -22365.3271      6724.8105         0.0000         0.0000      4514.0734         -10626.4870       305.6698    -15140.5604    -10642.2734       305.6698          21048.0137     21067.1808     86856.0000     21048.0137     21067.1808

LDB: ============= START OF LOAD BALANCING ============== 26.636
LDB: ============== END OF LOAD BALANCING =============== 26.6361
LDB: =============== DONE WITH MIGRATION ================ 26.6363
Info: Initial time: 1 CPUs 0.0833155 s/step 0.48215 days/ns 477.035 MB memory
LDB: ============= START OF LOAD BALANCING ============== 30.3677
LDB: ============== END OF LOAD BALANCING =============== 30.3677
LDB: =============== DONE WITH MIGRATION ================ 30.3679
PRESSURE: 200 -349.905 6.20492 -186.225 6.20492 619.984 -38.6681 -186.225 -38.6681 -138.519
GPRESSURE: 200 -303.141 94.145 205.388 108.965 676.446 -7.57475 -317.752 5.76148 -198.465
PRESSAVG: 200 60.9123 -218.313 42.3644 -218.313 -77.6899 113.211 42.3644 113.211 195.765
GPRESSAVG: 200 63.0664 -218.567 39.547 -215.545 -75.6307 111.653 51.5968 107.078 192.236
Info: Benchmark time: 1 CPUs 0.0746962 s/step 0.43227 days/ns 477.035 MB memory
ENERGY:     200       280.5653       705.1857       406.9147        58.4099         -20248.6749      1660.3912         0.0000         0.0000      5749.8509         -11387.3572       389.3503    -17137.2080    -11371.5933       369.4003             43.8536        58.2803    107542.7308        59.6626        59.8907

Info: Benchmark time: 1 CPUs 0.0708317 s/step 0.409906 days/ns 477.035 MB memory
OPENING COORDINATE DCD FILE
WRITING COORDINATES TO DCD FILE ige_wb_eq.dcd AT STEP 250
The last position output (seq=250) takes 0.002 seconds, 477.035 MB of memory in use
PRESSURE: 300 131.012 -105.002 -414.622 -105.002 -302.981 50.6702 -414.622 50.6702 -515.523
GPRESSURE: 300 97.6553 -204.545 -353.483 -75.025 -330.277 86.6102 -315.422 97.2701 -387.49
PRESSAVG: 300 56.6592 14.5882 65.4093 14.5882 115.532 -161.982 65.4093 -161.982 -32.071
GPRESSAVG: 300 57.7863 11.8029 66.933 15.0242 111.397 -156.933 55.7457 -158.884 -30.4352
Info: Benchmark time: 1 CPUs 0.0699492 s/step 0.404799 days/ns 477.035 MB memory
ENERGY:     300       307.6200       685.7515       424.0404        54.5707         -20420.6949      1582.1882         0.0000         0.0000      5617.3429         -11749.1811       380.3775    -17366.5241    -11731.3616       386.0359           -229.1640      -206.7039    105702.5741        46.7066        46.2493

Info: Benchmark time: 1 CPUs 0.0685258 s/step 0.396561 days/ns 477.035 MB memory
PRESSURE: 400 65.3464 584.406 27.5552 584.406 240.923 -193.204 27.5552 -193.204 571.877
GPRESSURE: 400 226.329 453.27 114.746 665.315 176.62 -39.735 -128.25 -379.37 535.773
PRESSAVG: 400 -116.105 33.3288 -121.796 33.3288 -32.5329 -227.082 -121.796 -227.082 121.03
GPRESSAVG: 400 -121.459 32.005 -116.696 33.7406 -31.693 -227.257 -124.701 -231.835 124.042
Info: Benchmark time: 1 CPUs 0.0683899 s/step 0.395775 days/ns 477.035 MB memory
ENERGY:     400       264.2860       692.5601       409.6716        51.8073         -20702.3478      1637.2974         0.0000         0.0000      5669.9314         -11976.7940       383.9385    -17646.7254    -11958.2097       380.7881            292.7156       312.9074    102630.9317        -9.2027        -9.7035

Info: Benchmark time: 1 CPUs 0.0670163 s/step 0.387826 days/ns 477.035 MB memory
PRESSURE: 500 113.004 -16.1556 -60.5087 -16.1556 506.701 -48.9677 -60.5087 -48.9677 132.468
GPRESSURE: 500 167.939 -7.76969 -37.7962 163.483 652.938 -331.205 205.226 146.206 -21.7706
PRESSAVG: 500 -130.226 175.178 -70.7988 175.178 38.8955 -74.9464 -70.7988 -74.9464 42.0725
GPRESSAVG: 500 -125.919 175.266 -76.8281 172.24 42.7228 -78.7483 -66.5683 -72.255 35.1536
ENERGY:     500       247.8111       728.4356       401.6221        54.1081         -20739.3197      1524.2707         0.0000         0.0000      5553.0342         -12230.0380       376.0229    -17783.0722    -12212.3645       374.5225            250.7242       266.3690    100090.3200       -16.4194       -16.0143

WRITING EXTENDED SYSTEM TO RESTART FILE AT STEP 500
WRITING COORDINATES TO DCD FILE ige_wb_eq.dcd AT STEP 500
WRITING COORDINATES TO RESTART FILE AT STEP 500
FINISHED WRITING RESTART COORDINATES
The last position output (seq=500) takes 0.004 seconds, 477.199 MB of memory in use
WRITING VELOCITIES TO RESTART FILE AT STEP 500
FINISHED WRITING RESTART VELOCITIES
The last velocity output (seq=500) takes 0.003 seconds, 477.199 MB of memory in use
PRESSURE: 600 -322.128 -370.073 -153.596 -370.073 393.703 267.868 -153.596 267.868 548.881
GPRESSURE: 600 -329.591 -601.577 -306.124 -484.078 386.127 429.449 -60.5005 253.034 588.413
PRESSAVG: 600 12.602 -112.429 51.7853 -112.429 -145.693 -67.3193 51.7853 -67.3193 150.206
GPRESSAVG: 600 13.3448 -102.253 55.4395 -108.798 -155.546 -60.3647 48.2503 -65.8091 158.709
ENERGY:     600       263.5609       643.7242       407.9935        57.0353         -20833.7695      1537.5678         0.0000         0.0000      5450.9678         -12472.9200       369.1115    -17923.8878    -12451.6904       371.1980            206.8185       214.9828     98453.2244         5.7049         5.5024

PRESSURE: 700 -281.592 -628.045 66.7626 -628.045 -653.349 -108.388 66.7626 -108.388 189.492
GPRESSURE: 700 -295.636 -795.606 -145.91 -400.347 -523.424 48.3784 237.517 -61.2292 116.944
PRESSAVG: 700 54.5404 76.2956 178.103 76.2956 -77.7243 145.983 178.103 145.983 -27.2689
GPRESSAVG: 700 52.9829 66.8528 176.535 75.7687 -68.9978 136.424 172.118 146.423 -33.7104
ENERGY:     700       269.6456       676.4877       398.1195        61.1163         -20986.3541      1461.1218         0.0000         0.0000      5502.0719         -12617.7913       372.5720    -18119.8631    -12598.6632       369.9273           -248.4829      -234.0390     96857.0878       -16.8176       -16.5751

WRITING COORDINATES TO DCD FILE ige_wb_eq.dcd AT STEP 750
The last position output (seq=750) takes 0.001 seconds, 477.559 MB of memory in use
PRESSURE: 800 541.536 -26.5925 -335.923 -26.5925 -247.342 -30.0499 -335.923 -30.0499 238.593
GPRESSURE: 800 517.974 -179.234 -344.245 58.7966 -107.023 135.251 -499.872 -40.9605 186.923
PRESSAVG: 800 -231.258 136.947 -118.62 136.947 112.905 -28.4343 -118.62 -28.4343 132.305
GPRESSAVG: 800 -227.048 145.16 -123.267 131.246 108.444 -24.9563 -116.365 -33.8287 133.096
ENERGY:     800       247.0030       703.8379       370.6175        47.9986         -21038.2132      1401.8314         0.0000         0.0000      5469.4753         -12797.4495       370.3647    -18266.9248    -12780.4665       368.8931            177.5955       199.2914     95122.5035         4.6507         4.8307

PRESSURE: 900 -181.634 -134.379 -74.0066 -134.379 133.388 -529.607 -74.0066 -529.607 -139.733
GPRESSURE: 900 -256.262 62.8363 -50.1611 -231.559 274.883 -606.233 -23.4673 -380.72 -102.558
PRESSAVG: 900 119.635 160.263 -32.4362 160.263 -25.6122 38.6778 -32.4362 38.6778 -84.0284
GPRESSAVG: 900 115.331 161.078 -36.7013 166.261 -26.8665 31.2615 -18.4986 46.5413 -78.1946
ENERGY:     900       247.6555       666.8986       374.2918        43.7407         -21267.8413      1530.3698         0.0000         0.0000      5403.6613         -13001.2236       365.9081    -18404.8850    -12982.5606       363.6126            -62.6593       -27.9787     93823.5285         3.3313         3.4233

PRESSURE: 1000 -518.657 45.6913 -159.439 45.6913 -794.025 405.104 -159.439 405.104 -247.391
GPRESSURE: 1000 -446.828 197.311 -126.665 -103.067 -860.796 674.325 -138.694 65.1021 -204.859
PRESSAVG: 1000 43.7406 -15.926 -130.893 -15.926 -32.0222 -171.226 -130.893 -171.226 41.1179
GPRESSAVG: 1000 45.317 -24.0788 -130.561 -15.2567 -31.4679 -153.776 -137.394 -177.649 38.9372
ETITLE:      TS           BOND          ANGLE          DIHED          IMPRP               ELECT            VDW       BOUNDARY           MISC        KINETIC               TOTAL           TEMP      POTENTIAL         TOTAL3        TEMPAVG            PRESSURE      GPRESSURE         VOLUME       PRESSAVG      GPRESSAVG

ENERGY:    1000       263.3390       668.9532       375.7203        40.0872         -21258.8458      1459.6342         0.0000         0.0000      5351.1137         -13099.9982       362.3498    -18451.1119    -13075.5545       361.2758           -520.0241      -504.1609     94074.7718        17.6121        17.5954

WRITING EXTENDED SYSTEM TO RESTART FILE AT STEP 1000
WRITING COORDINATES TO DCD FILE ige_wb_eq.dcd AT STEP 1000
WRITING COORDINATES TO RESTART FILE AT STEP 1000
FINISHED WRITING RESTART COORDINATES
The last position output (seq=1000) takes 0.003 seconds, 477.559 MB of memory in use
WRITING VELOCITIES TO RESTART FILE AT STEP 1000
FINISHED WRITING RESTART VELOCITIES
The last velocity output (seq=1000) takes 0.003 seconds, 477.559 MB of memory in use
PRESSURE: 1100 -209.693 -29.4192 -341.991 -29.4192 -751.558 -244.396 -341.991 -244.396 446.242
GPRESSURE: 1100 -235.775 -126.44 -159.234 0.406078 -756.357 -364.854 -363.822 -335.254 549.146
PRESSAVG: 1100 -225.278 -7.19196 -120.116 -7.19196 44.9556 16.4727 -120.116 16.4727 104.131
GPRESSAVG: 1100 -228.488 -2.32461 -115.336 -9.02802 46.052 0.508145 -129.356 31.3205 106.579
ENERGY:    1100       259.3039       670.3702       359.9161        36.0894         -21439.1677      1476.5794         0.0000         0.0000      5306.2289         -13330.6798       359.3105    -18636.9087    -13311.2376       359.1326           -171.6697      -147.6620     92498.9650       -25.3972       -25.2856

PRESSURE: 1200 312.966 468.558 -11.006 468.558 223.487 325.911 -11.006 325.911 181.317
GPRESSURE: 1200 362.683 459.5 -60.9137 437.945 200.382 326.709 145.317 115.997 167.248
PRESSAVG: 1200 18.0238 227.583 52.0397 227.583 -43.4004 2.24137 52.0397 2.24137 99.1845
GPRESSAVG: 1200 21.7969 228.58 48.4039 221.073 -42.8466 2.29001 63.9627 -6.82543 95.3278
ENERGY:    1200       259.1252       663.3904       383.6704        43.9042         -21529.8159      1526.3139         0.0000         0.0000      5195.5691         -13457.8426       351.8172    -18653.4117    -13440.4219       354.5070            239.2564       243.4376     91060.6026        24.6026        24.7594

WRITING COORDINATES TO DCD FILE ige_wb_eq.dcd AT STEP 1250
The last position output (seq=1250) takes 0.001 seconds, 477.559 MB of memory in use
PRESSURE: 1300 -355.073 -199.588 162.187 -199.588 -140.363 7.51385 162.187 7.51385 8.17854
GPRESSURE: 1300 -340.593 -197.168 118.161 -439.568 -11.8222 13.4482 68.3784 -92.8818 -49.6529
PRESSAVG: 1300 -46.3134 84.5211 75.0958 84.5211 56.5432 -8.57048 75.0958 -8.57048 102.4
GPRESSAVG: 1300 -40.1333 86.8012 78.2587 83.0572 51.9171 -6.67225 59.7589 -10.2132 101.618
ENERGY:    1300       242.3621       670.3705       370.4684        41.6218         -21663.7693      1551.3113         0.0000         0.0000      5210.0953         -13577.5398       352.8008    -18787.6351    -13556.9387       352.4698           -162.4193      -134.0228     90666.3216        37.5434        37.8005

PRESSURE: 1400 390.859 -74.0001 62.2662 -74.0001 352.699 -496.356 62.2662 -496.356 1016.81
GPRESSURE: 1400 388.446 -99.2056 49.5278 -304.187 312.621 -302.013 57.3742 -472.146 1112.15
PRESSAVG: 1400 46.5307 7.10769 -39.5642 7.10769 -25.9132 -67.1039 -39.5642 -67.1039 -3.36387
GPRESSAVG: 1400 42.0144 -0.994417 -36.7907 14.5256 -20.3712 -59.862 -29.8044 -70.2892 -4.62354
ENERGY:    1400       239.0258       682.4030       364.9192        35.5904         -21697.5344      1543.8255         0.0000         0.0000      5120.7909         -13710.9797       346.7536    -18831.7706    -13692.6446       349.4582            586.7888       604.4049     89587.8694         5.7512         5.6732

PRESSURE: 1500 -499.522 274.742 -22.3186 274.742 351.323 -503.343 -22.3186 -503.343 -917.959
GPRESSURE: 1500 -382.735 368.883 -127.01 214.837 273.129 -530.24 204.009 -405.054 -912.352
PRESSAVG: 1500 -88.5861 1.84681 -18.304 1.84681 139.312 -7.99628 -18.304 -7.99628 -168.942
GPRESSAVG: 1500 -90.8127 10.0182 -20.6446 -5.04737 134.972 -12.1922 -18.4231 -2.20323 -161.181
ENERGY:    1500       264.1340       692.1371       360.6242        46.8884         -21791.3876      1508.7169         0.0000         0.0000      5059.1427         -13859.7443       342.5791    -18918.8870    -13840.2696       345.5110           -355.3861      -340.6528     89069.3692       -39.4053       -39.0075

WRITING EXTENDED SYSTEM TO RESTART FILE AT STEP 1500
WRITING COORDINATES TO DCD FILE ige_wb_eq.dcd AT STEP 1500
WRITING COORDINATES TO RESTART FILE AT STEP 1500
FINISHED WRITING RESTART COORDINATES
The last position output (seq=1500) takes 0.004 seconds, 477.559 MB of memory in use
WRITING VELOCITIES TO RESTART FILE AT STEP 1500
FINISHED WRITING RESTART VELOCITIES
The last velocity output (seq=1500) takes 0.003 seconds, 477.559 MB of memory in use
PRESSURE: 1600 -441.255 286.855 -22.0186 286.855 -913.721 30.7298 -22.0186 30.7298 -196.034
GPRESSURE: 1600 -501.286 165.177 96.082 96.9197 -874.863 185.65 -39.2574 213.538 -122.865
PRESSAVG: 1600 41.4931 -84.525 29.6969 -84.525 42.0825 -80.0381 29.6969 -80.0381 -181.46
GPRESSAVG: 1600 40.2738 -93.5986 34.8966 -73.3814 45.1418 -66.8349 30.5685 -86.6474 -184.113
ENERGY:    1600       280.5657       672.6538       362.9125        36.6689         -21939.3264      1528.4137         0.0000         0.0000      5121.7876         -13936.3243       346.8211    -19058.1119    -13916.6421       348.7886           -517.0031      -499.6713     88429.4386       -32.6280       -32.8990

PRESSURE: 1700 -820.465 -236.064 -565.257 -236.064 141.509 -399.616 -565.257 -399.616 -635.766
GPRESSURE: 1700 -659.31 -204.366 -549.023 -69.4263 187.543 -492.178 -494.252 -412.908 -754.022
PRESSAVG: 1700 -52.2159 23.6026 -55.6204 23.6026 177.256 -94.1144 -55.6204 -94.1144 -115.193
GPRESSAVG: 1700 -50.4129 25.6982 -63.0076 23.7059 176.608 -105.189 -59.6849 -87.7208 -117.193
ENERGY:    1700       229.7104       644.6565       382.3818        40.7688         -22032.2366      1481.2017         0.0000         0.0000      5194.3646         -14059.1529       351.7356    -19253.5175    -14036.7416       343.2637           -438.2410      -408.5965     87146.7092         3.2823         3.0006

WRITING COORDINATES TO DCD FILE ige_wb_eq.dcd AT STEP 1750
The last position output (seq=1750) takes 0.000 seconds, 477.559 MB of memory in use
PRESSURE: 1800 64.2318 195.583 134.953 195.583 -101.732 516.01 134.953 516.01 -211.436
GPRESSURE: 1800 176.193 369.6 354.197 109.354 -143.086 442.201 -33.2108 581.441 -228.619
PRESSAVG: 1800 121.092 -4.30133 -85.5726 -4.30133 -57.4961 74.2487 -85.5726 74.2487 -150.144
GPRESSAVG: 1800 115.319 5.93276 -85.6093 -15.1179 -54.9491 80.4581 -74.3707 72.4374 -147.653
ENERGY:    1800       248.8395       634.1724       352.1548        47.2689         -21948.0723      1485.4142         0.0000         0.0000      4997.5900         -14182.6326       338.4110    -19180.2226    -14163.0988       341.8062            -82.9790       -65.1706     86527.9368       -28.8495       -29.0946

PRESSURE: 1900 477.658 233.307 229.239 233.307 56.7018 400.009 229.239 400.009 497.449
GPRESSURE: 1900 398.147 172.973 326.668 219.262 145.385 257.931 61.2221 567.823 555.267
PRESSAVG: 1900 196.82 13.1472 12.3043 13.1472 -338.922 187.158 12.3043 187.158 84.7856
GPRESSAVG: 1900 197.703 -0.443573 9.52015 20.3589 -341.236 177.487 4.27472 193.634 85.7728
ENERGY:    1900       235.3994       617.9321       368.7143        41.5812         -22199.8569      1646.7779         0.0000         0.0000      5115.4150         -14174.0370       346.3895    -19289.4520    -14151.3972       341.7194            343.9364       366.2660     86235.3628       -19.1056       -19.2534

PRESSURE: 2000 -358.406 -33.7432 -2.41903 -33.7432 637.151 -577.333 -2.41903 -577.333 524.893
GPRESSURE: 2000 -315.399 -42.1902 -201.089 17.812 662.733 -411.842 -84.7388 -821.923 502.865
PRESSAVG: 2000 -154.4 148.685 -149.811 148.685 21.3065 -12.5136 -149.811 -12.5136 107.453
GPRESSAVG: 2000 -148.677 148.484 -141.599 150.543 16.2265 -5.16986 -158.426 -24.0659 107.897
TIMING: 2000  CPU: 138.152, 0.0682422/step  Wall: 138.152, 0.0682422/step, 0.0113737 hours remaining, 477.558594 MB of memory in use.
ETITLE:      TS           BOND          ANGLE          DIHED          IMPRP               ELECT            VDW       BOUNDARY           MISC        KINETIC               TOTAL           TEMP      POTENTIAL         TOTAL3        TEMPAVG            PRESSURE      GPRESSURE         VOLUME       PRESSAVG      GPRESSAVG

ENERGY:    2000       241.1676       655.6596       367.6004        48.3432         -22343.9855      1710.8967         0.0000         0.0000      5079.2679         -14241.0501       343.9419    -19320.3180    -14220.2905       340.4766            267.8790       283.3996     86132.2248        -8.5468        -8.1846

WRITING EXTENDED SYSTEM TO RESTART FILE AT STEP 2000
WRITING COORDINATES TO DCD FILE ige_wb_eq.dcd AT STEP 2000
WRITING COORDINATES TO RESTART FILE AT STEP 2000
FINISHED WRITING RESTART COORDINATES
The last position output (seq=2000) takes 0.004 seconds, 477.559 MB of memory in use
WRITING VELOCITIES TO RESTART FILE AT STEP 2000
FINISHED WRITING RESTART VELOCITIES
The last velocity output (seq=2000) takes 0.003 seconds, 477.559 MB of memory in use
PRESSURE: 2100 -307.469 255.02 346.629 255.02 483.223 -51.903 346.629 -51.903 906.273
GPRESSURE: 2100 -279.04 379.676 302.093 -149.048 382.11 -25.0284 532.867 -191.796 1041.24
PRESSAVG: 2100 -22.3786 -24.8298 -21.3738 -24.8298 178.941 -44.5379 -21.3738 -44.5379 -76.376
GPRESSAVG: 2100 -21.1181 -29.6305 -30.7794 -21.5679 188.587 -47.7245 -8.74853 -43.5041 -88.7915
ENERGY:    2100       244.2897       668.9190       370.8805        45.3756         -22246.4889      1685.7896         0.0000         0.0000      4913.8838         -14317.3508       332.7429    -19231.2345    -14296.0239       339.5527            360.6758       381.4353     85956.4711        26.7289        26.2258

LDB: ============= START OF LOAD BALANCING ============== 162.744
LDB: ============== END OF LOAD BALANCING =============== 162.744
LDB: =============== DONE WITH MIGRATION ================ 162.744
LDB: ============= START OF LOAD BALANCING ============== 166.264
LDB: ============== END OF LOAD BALANCING =============== 166.264
LDB: =============== DONE WITH MIGRATION ================ 166.264
PRESSURE: 2200 -300.694 317.434 73.4465 317.434 -88.7681 -85.1651 73.4465 -85.1651 665.074
GPRESSURE: 2200 -285.598 329.595 20.7992 132.015 46.2491 -68.0481 -215.302 -251.868 585.673
PRESSAVG: 2200 -8.19013 186.97 71.5337 186.97 -223.854 90.25 71.5337 90.25 203.937
GPRESSAVG: 2200 -7.24838 192.933 77.7561 183.691 -233.068 97.7669 63.0782 92.6204 212.59
ENERGY:    2200       259.0589       623.9140       360.4520        38.3718         -22259.3829      1590.5247         0.0000         0.0000      5069.2440         -14317.8174       343.2631    -19387.0614    -14300.2893       338.6864             91.8708       115.4414     85412.3544        -9.3689        -9.2421

WRITING COORDINATES TO DCD FILE ige_wb_eq.dcd AT STEP 2250
The last position output (seq=2250) takes 0.001 seconds, 477.559 MB of memory in use
PRESSURE: 2300 -796.539 528.381 588.893 528.381 -289.716 138.965 588.893 138.965 -147.673
GPRESSURE: 2300 -734.72 425.699 537.171 640.641 -335.412 164.554 613.877 222.821 -122.747
PRESSAVG: 2300 -210.789 301.374 101.788 301.374 -123.399 4.36724 101.788 4.36724 218.214
GPRESSAVG: 2300 -218.214 304.27 98.285 305.721 -114.521 10.5658 104.532 -6.11911 217.562
ENERGY:    2300       261.8417       664.2452       365.6760        42.0100         -22194.0664      1524.5881         0.0000         0.0000      4912.1904         -14423.5149       332.6282    -19335.7053    -14405.9830       337.0047           -411.3092      -397.6266     85394.1383       -38.6581       -38.3912

PRESSURE: 2400 -272.289 46.1994 387.913 46.1994 -14.5687 579.72 387.913 579.72 162.819
GPRESSURE: 2400 -167.741 76.6095 595.937 -67.2144 16.9033 629.232 260.873 468.287 73.2965
PRESSAVG: 2400 -282.926 144.678 -132.419 144.678 146.804 90.4554 -132.419 90.4554 102.291
GPRESSAVG: 2400 -277.133 154.79 -139.258 132.75 145.858 86.8832 -125.727 93.7863 99.9226
ENERGY:    2400       253.1088       627.0772       349.6283        46.2531         -22325.3996      1617.3111         0.0000         0.0000      4950.4238         -14481.5973       335.2172    -19432.0211    -14461.8867       336.3062            -41.3462       -25.8471     84608.7485       -11.2768       -10.4509

PRESSURE: 2500 537.215 -381.163 406.717 -381.163 372.267 550.543 406.717 550.543 -487.164
GPRESSURE: 2500 545.919 -336.713 493.373 -319.841 387.619 502.594 367.998 522.59 -455.702
PRESSAVG: 2500 140.331 61.946 49.8861 61.946 77.3541 39.9198 49.8861 39.9198 -236.877
GPRESSAVG: 2500 141.411 57.9459 56.9724 60.2144 72.0482 43.3779 51.5029 45.75 -233.401
ENERGY:    2500       239.0429       649.8911       345.1476        41.3743         -22412.8732      1560.5747         0.0000         0.0000      5005.6636         -14571.1791       338.9577    -19576.8427    -14552.7268       335.2676            140.7725       159.2784     83681.3065        -6.3973        -6.6472

WRITING EXTENDED SYSTEM TO RESTART FILE AT STEP 2500
WRITING COORDINATES TO DCD FILE ige_wb_eq.dcd AT STEP 2500
WRITING COORDINATES TO RESTART FILE AT STEP 2500
FINISHED WRITING RESTART COORDINATES
The last position output (seq=2500) takes 0.003 seconds, 477.559 MB of memory in use
WRITING VELOCITIES TO RESTART FILE AT STEP 2500
FINISHED WRITING RESTART VELOCITIES
The last velocity output (seq=2500) takes 0.003 seconds, 477.559 MB of memory in use
PRESSURE: 2600 898.174 -27.343 -174.419 -27.343 722.626 353.09 -174.419 353.09 273.535
GPRESSURE: 2600 943.088 -85.3006 -249.836 57.6188 658.785 380.794 -175.757 502.046 350.625
PRESSAVG: 2600 228.535 154.091 14.5124 154.091 -12.4693 -33.476 14.5124 -33.476 -141.563
GPRESSAVG: 2600 228.595 148.008 10.3358 162.205 -13.1971 -39.4264 16.2639 -35.6092 -139.418
ENERGY:    2600       242.0263       644.8262       352.9597        39.8014         -22475.9972      1698.2082         0.0000         0.0000      4855.8918         -14642.2836       328.8160    -19498.1754    -14625.6293       332.2572            631.4450       650.8328     83285.6898        24.8342        25.3265

WRITING EXTENDED SYSTEM TO OUTPUT FILE AT STEP 2600
CLOSING EXTENDED SYSTEM TRAJECTORY FILE
WRITING COORDINATES TO OUTPUT FILE AT STEP 2600
CLOSING COORDINATE DCD FILE ige_wb_eq.dcd
WRITING VELOCITIES TO OUTPUT FILE AT STEP 2600
====================================================

WallClock: 194.584961  CPUTime: 194.584976  Memory: 477.558594 MB
[Partition 0][Node 0] End of program
